2024.06.16 18:21:58 INFO  Started: Metals version 1.3.1 in folders 'C:\Users\dell\UoC\FuntionalProgramming\Practicals\Prac1' for client Visual Studio Code 1.90.1.
SLF4J(W): Class path contains multiple SLF4J providers.
SLF4J(W): Found provider [scribe.slf4j.ScribeServiceProvider@392b9c40]
SLF4J(W): Found provider [ch.qos.logback.classic.spi.LogbackServiceProvider@5f6ca203]
SLF4J(W): See https://www.slf4j.org/codes.html#multiple_bindings for an explanation.
SLF4J(I): Actual provider is of type [scribe.slf4j.ScribeServiceProvider@392b9c40]
2024.06.16 18:21:58 WARN  Flyway upgrade recommended: H2 2.2.224 is newer than this version of Flyway and support has not been tested. The latest supported version of H2 is 2.2.220.
2024.06.16 18:22:00 INFO  no build target found for C:\Users\dell\UoC\FuntionalProgramming\Practicals\Prac1\prac1.scala. Using presentation compiler with project's scala-library version: 3.3.3
2024.06.16 18:22:15 INFO  Running List(C:\Users\dell\AppData\Local\Coursier\data\bin\scala-cli.BAT, setup-ide, C:\Users\dell\UoC\FuntionalProgramming\Practicals\Prac1)
2024.06.16 18:22:15 INFO  Attempting to connect to the build server...
2024.06.16 18:22:15 INFO  Running BSP server List(C:\Users\dell\AppData\Local\Coursier\data\bin\.scala-cli.aux.exe, bsp, --json-options, C:\Users\dell\UoC\FuntionalProgramming\Practicals\Prac1\.scala-build\ide-options-v2.json, --json-launcher-options, C:\Users\dell\UoC\FuntionalProgramming\Practicals\Prac1\.scala-build\ide-launcher-options.json, --envs-file, C:\Users\dell\UoC\FuntionalProgramming\Practicals\Prac1\.scala-build\ide-envs.json, C:\Users\dell\UoC\FuntionalProgramming\Practicals\Prac1)
2024.06.16 18:22:16 INFO  tracing is disabled for protocol BSP, to enable tracing of incoming and outgoing JSON messages create an empty file at C:\Users\dell\UoC\FuntionalProgramming\Practicals\Prac1\.metals\bsp.trace.json or C:\Users\dell\AppData\Local\scalameta\metals\cache\bsp.trace.json
2024.06.16 18:22:17 INFO  BSP server: Checking https://github.com/coursier/jvm-index/raw/master/index.json
2024.06.16 18:22:17 INFO  BSP server: Checked https://github.com/coursier/jvm-index/raw/master/index.json
2024.06.16 18:22:17 INFO  BSP server: Downloading https://github.com/coursier/jvm-index/raw/master/index.json
2024.06.16 18:22:24 INFO  BSP server: Still downloading:
2024.06.16 18:22:24 INFO  BSP server: https://github.com/coursier/jvm-index/raw/master/index.json (38.77 %, 680512 / 1755193)
2024.06.16 18:22:24 INFO  BSP server: 
2024.06.16 18:22:28 INFO  BSP server: Downloaded https://github.com/coursier/jvm-index/raw/master/index.json
2024.06.16 18:22:33 INFO  time: Connected to build server in 17s
2024.06.16 18:22:33 INFO  Connected to Build server: scala-cli v1.3.2
2024.06.16 18:22:34 INFO  compiling prac1_2dc58a56ae (1 scala source)
2024.06.16 18:22:34 INFO  time: Imported build in 0.71s
2024.06.16 18:22:39 INFO  time: indexed workspace in 5.37s
2024.06.16 18:23:44 INFO  compiling prac1_2dc58a56ae (1 scala source)
2024.06.16 18:23:44 INFO  time: compiled Prac1_2dc58a56ae in 0.58s
2024.06.16 18:24:10 INFO  compiling prac1_2dc58a56ae (1 scala source)
2024.06.16 18:24:10 INFO  time: compiled Prac1_2dc58a56ae in 87ms
2024.06.16 18:25:24 INFO  compiling prac1_2dc58a56ae (1 scala source)
2024.06.16 18:25:24 INFO  time: compiled Prac1_2dc58a56ae in 0.12s
2024.06.16 18:26:05 INFO  compiling prac1_2dc58a56ae (1 scala source)
2024.06.16 18:26:05 INFO  time: compiled Prac1_2dc58a56ae in 0.14s
2024.06.16 18:29:03 WARN  Flyway upgrade recommended: H2 2.2.224 is newer than this version of Flyway and support has not been tested. The latest supported version of H2 is 2.2.220.
2024.06.16 18:29:03 INFO  no build target found for C:\Users\dell\UoC\FuntionalProgramming\Scala\untitled.scala. Using presentation compiler with project's scala-library version: 3.3.3
2024.06.16 18:29:05 INFO  time: code lens generation in 1.93s
2024.06.16 18:29:08 INFO  Running List(C:\Users\dell\AppData\Local\Coursier\data\bin\scala-cli.BAT, bsp, --workspace, C:\Users\dell\AppData\Local\Temp\metals-scala-cli17214654028460265758, C:\Users\dell\UoC\FuntionalProgramming\Scala\untitled.scala)
2024.06.16 18:29:08 INFO  tracing is disabled for protocol BSP, to enable tracing of incoming and outgoing JSON messages create an empty file at C:\Users\dell\UoC\FuntionalProgramming\Scala\.metals\bsp.trace.json or C:\Users\dell\AppData\Local\scalameta\metals\cache\bsp.trace.json
2024.06.16 18:29:09 INFO  no build target found for C:\Users\dell\UoC\FuntionalProgramming\Scala\untitled.scala. Using presentation compiler with project's scala-library version: 3.3.3
2024.06.16 18:29:12 INFO  Connected to Scala CLI server v1.3.2
2024.06.16 18:29:12 INFO  Shut down connection with build server.
2024.06.16 18:29:12 INFO  Scala CLI: Jun 16, 2024 6:29:12 PM org.eclipse.lsp4j.jsonrpc.RemoteEndpoint handleNotification
Jun 16, 2024 6:29:12 PM org.eclipse.lsp4j.jsonrpc.RemoteEndpoint handleCancellation
WARNING: Unmatched cancel notification for request id 304
Jun 16, 2024 6:29:12 PM org.eclipse.lsp4j.jsonrpc.RemoteEndpoint handleCancellation
WARNING: Unmatched cancel notification for request id 307
2024.06.16 18:29:13 INFO  time: indexed workspace in 0.9s
2024.06.16 18:29:13 INFO  Scala CLI started for C:\Users\dell\UoC\FuntionalProgramming\Scala\untitled.scala
2024.06.16 18:29:20 INFO  compiling prac1_2dc58a56ae (1 scala source)
2024.06.16 18:29:20 INFO  time: compiled Prac1_2dc58a56ae in 0.11s
2024.06.16 18:29:32 INFO  compiling prac1_2dc58a56ae (1 scala source)
2024.06.16 18:29:32 INFO  time: compiled Prac1_2dc58a56ae in 0.1s
2024.06.16 18:29:42 INFO  no build target found for C:\Users\dell\UoC\FuntionalProgramming\Scala\Test.scala. Using presentation compiler with project's scala-library version: 3.3.3
2024.06.16 18:29:42 INFO  Running List(C:\Users\dell\AppData\Local\Coursier\data\bin\scala-cli.BAT, bsp, --workspace, C:\Users\dell\AppData\Local\Temp\metals-scala-cli17214654028460265758, C:\Users\dell\UoC\FuntionalProgramming\Scala\Test.scala)
2024.06.16 18:29:42 INFO  tracing is disabled for protocol BSP, to enable tracing of incoming and outgoing JSON messages create an empty file at C:\Users\dell\UoC\FuntionalProgramming\Scala\.metals\bsp.trace.json or C:\Users\dell\AppData\Local\scalameta\metals\cache\bsp.trace.json
2024.06.16 18:29:43 INFO  no build target found for C:\Users\dell\UoC\FuntionalProgramming\Scala\Test.scala. Using presentation compiler with project's scala-library version: 3.3.3
2024.06.16 18:29:46 INFO  Connected to Scala CLI server v1.3.2
2024.06.16 18:29:47 INFO  compiling metals-scala-cli17214654028460265758_f4dd477a3a-c652ab4df9 (1 scala source)
2024.06.16 18:29:47 WARN  there was 1 deprecation warning; re-run with -deprecation for details
2024.06.16 18:29:47 INFO  time: compiled metals-scala-cli17214654028460265758_f4dd477a3a-c652ab4df9 in 0.67s
2024.06.16 18:29:48 INFO  time: indexed workspace in 1.62s
2024.06.16 18:29:48 INFO  Scala CLI started for C:\Users\dell\UoC\FuntionalProgramming\Scala\Test.scala
2024.06.16 18:29:50 INFO  time: code lens generation in 1.56s
2024.06.16 18:29:54 INFO  Shut down connection with build server.
2024.06.16 18:29:54 INFO  Scala CLI: Jun 16, 2024 6:29:54 PM org.eclipse.lsp4j.jsonrpc.RemoteEndpoint handleNotification
Jun 16, 2024 6:29:54 PM org.eclipse.lsp4j.jsonrpc.RemoteEndpoint handleCancellation
WARNING: Unmatched cancel notification for request id 382
2024.06.16 18:29:58 INFO  no build target found for C:\Users\dell\UoC\FuntionalProgramming\Scala\untitled.scala. Using presentation compiler with project's scala-library version: 3.3.3
2024.06.16 18:29:58 INFO  Running List(C:\Users\dell\AppData\Local\Coursier\data\bin\scala-cli.BAT, bsp, --workspace, C:\Users\dell\AppData\Local\Temp\metals-scala-cli17214654028460265758, C:\Users\dell\UoC\FuntionalProgramming\Scala\untitled.scala)
2024.06.16 18:29:58 INFO  tracing is disabled for protocol BSP, to enable tracing of incoming and outgoing JSON messages create an empty file at C:\Users\dell\UoC\FuntionalProgramming\Scala\.metals\bsp.trace.json or C:\Users\dell\AppData\Local\scalameta\metals\cache\bsp.trace.json
2024.06.16 18:30:02 INFO  Connected to Scala CLI server v1.3.2
2024.06.16 18:30:02 INFO  compiling metals-scala-cli17214654028460265758_f4dd477a3a-d1ac6cbcf1 (1 scala source)
2024.06.16 18:30:02 INFO  time: compiled metals-scala-cli17214654028460265758_f4dd477a3a-d1ac6cbcf1 in 0.31s
2024.06.16 18:30:05 INFO  time: indexed workspace in 2.8s
2024.06.16 18:30:05 INFO  Scala CLI started for C:\Users\dell\UoC\FuntionalProgramming\Scala\untitled.scala
2024.06.16 18:30:17 INFO  Shut down connection with build server.
Jun 16, 2024 6:30:17 PM org.eclipse.lsp4j.jsonrpc.RemoteEndpoint handleCancellation
WARNING: Unmatched cancel notification for request id 398
2024.06.16 18:30:57 INFO  Running List(C:\Users\dell\AppData\Local\Coursier\data\bin\scala-cli.BAT, bsp, --workspace, C:\Users\dell\AppData\Local\Temp\metals-scala-cli17214654028460265758, C:\Users\dell\UoC\FuntionalProgramming\Scala\untitled.scala)
2024.06.16 18:30:57 INFO  tracing is disabled for protocol BSP, to enable tracing of incoming and outgoing JSON messages create an empty file at C:\Users\dell\UoC\FuntionalProgramming\Scala\.metals\bsp.trace.json or C:\Users\dell\AppData\Local\scalameta\metals\cache\bsp.trace.json
2024.06.16 18:31:01 INFO  Connected to Scala CLI server v1.3.2
2024.06.16 18:31:03 INFO  time: indexed workspace in 2.54s
2024.06.16 18:31:03 INFO  Scala CLI started for C:\Users\dell\UoC\FuntionalProgramming\Scala\untitled.scala
2024.06.16 18:31:21 INFO  compiling prac1_2dc58a56ae (1 scala source)
2024.06.16 18:31:21 INFO  time: compiled Prac1_2dc58a56ae in 0.25s
2024.06.16 18:31:57 INFO  compiling prac1_2dc58a56ae (1 scala source)
2024.06.16 18:31:57 INFO  time: compiled Prac1_2dc58a56ae in 0.27s
2024.06.16 18:33:05 INFO  Scala test classes not supported by server
java.util.concurrent.TimeoutException: Future timed out after [3 minutes]
	at scala.concurrent.impl.Promise$DefaultPromise.tryAwait0(Promise.scala:248)
	at scala.concurrent.impl.Promise$DefaultPromise.result(Promise.scala:261)
	at scala.concurrent.Await$.$anonfun$result$1(package.scala:201)
	at scala.concurrent.BlockContext$DefaultBlockContext$.blockOn(BlockContext.scala:62)
	at scala.concurrent.Await$.result(package.scala:124)
	at scala.meta.internal.metals.MetalsEnrichments$XtensionScalaFuture.$anonfun$withTimeout$1(MetalsEnrichments.scala:270)
	at scala.concurrent.Future$.$anonfun$apply$1(Future.scala:687)
	at scala.concurrent.impl.Promise$Transformation.run(Promise.scala:467)
	at java.util.concurrent.ThreadPoolExecutor.runWorker(ThreadPoolExecutor.java:1136)
	at java.util.concurrent.ThreadPoolExecutor$Worker.run(ThreadPoolExecutor.java:635)
	at java.lang.Thread.run(Thread.java:833)

2024.06.16 18:33:05 INFO  Scala main classes not supported by server
java.util.concurrent.TimeoutException: Future timed out after [3 minutes]
	at scala.concurrent.impl.Promise$DefaultPromise.tryAwait0(Promise.scala:248)
	at scala.concurrent.impl.Promise$DefaultPromise.result(Promise.scala:261)
	at scala.concurrent.Await$.$anonfun$result$1(package.scala:201)
	at scala.concurrent.BlockContext$DefaultBlockContext$.blockOn(BlockContext.scala:62)
	at scala.concurrent.Await$.result(package.scala:124)
	at scala.meta.internal.metals.MetalsEnrichments$XtensionScalaFuture.$anonfun$withTimeout$1(MetalsEnrichments.scala:270)
	at scala.concurrent.Future$.$anonfun$apply$1(Future.scala:687)
	at scala.concurrent.impl.Promise$Transformation.run(Promise.scala:467)
	at java.util.concurrent.ThreadPoolExecutor.runWorker(ThreadPoolExecutor.java:1136)
	at java.util.concurrent.ThreadPoolExecutor$Worker.run(ThreadPoolExecutor.java:635)
	at java.lang.Thread.run(Thread.java:833)

2024.06.16 18:35:15 INFO  compiling prac1_2dc58a56ae (1 scala source)
2024.06.16 18:35:15 INFO  time: compiled Prac1_2dc58a56ae in 0.44s
2024.06.16 18:36:05 INFO  Scala test classes not supported by server
java.util.concurrent.TimeoutException: Future timed out after [180021 milliseconds]
	at scala.concurrent.impl.Promise$DefaultPromise.tryAwait0(Promise.scala:248)
	at scala.concurrent.impl.Promise$DefaultPromise.result(Promise.scala:261)
	at scala.concurrent.Await$.$anonfun$result$1(package.scala:201)
	at scala.concurrent.BlockContext$DefaultBlockContext$.blockOn(BlockContext.scala:62)
	at scala.concurrent.Await$.result(package.scala:124)
	at scala.meta.internal.metals.MetalsEnrichments$XtensionScalaFuture.$anonfun$withTimeout$1(MetalsEnrichments.scala:270)
	at scala.concurrent.Future$.$anonfun$apply$1(Future.scala:687)
	at scala.concurrent.impl.Promise$Transformation.run(Promise.scala:467)
	at java.util.concurrent.ThreadPoolExecutor.runWorker(ThreadPoolExecutor.java:1136)
	at java.util.concurrent.ThreadPoolExecutor$Worker.run(ThreadPoolExecutor.java:635)
	at java.lang.Thread.run(Thread.java:833)

2024.06.16 18:36:05 INFO  Scala main classes not supported by server
java.util.concurrent.TimeoutException: Future timed out after [180021 milliseconds]
	at scala.concurrent.impl.Promise$DefaultPromise.tryAwait0(Promise.scala:248)
	at scala.concurrent.impl.Promise$DefaultPromise.result(Promise.scala:261)
	at scala.concurrent.Await$.$anonfun$result$1(package.scala:201)
	at scala.concurrent.BlockContext$DefaultBlockContext$.blockOn(BlockContext.scala:62)
	at scala.concurrent.Await$.result(package.scala:124)
	at scala.meta.internal.metals.MetalsEnrichments$XtensionScalaFuture.$anonfun$withTimeout$1(MetalsEnrichments.scala:270)
	at scala.concurrent.Future$.$anonfun$apply$1(Future.scala:687)
	at scala.concurrent.impl.Promise$Transformation.run(Promise.scala:467)
	at java.util.concurrent.ThreadPoolExecutor.runWorker(ThreadPoolExecutor.java:1136)
	at java.util.concurrent.ThreadPoolExecutor$Worker.run(ThreadPoolExecutor.java:635)
	at java.lang.Thread.run(Thread.java:833)

2024.06.16 18:38:12 INFO  compiling prac1_2dc58a56ae (1 scala source)
2024.06.16 18:38:12 INFO  time: compiled Prac1_2dc58a56ae in 0.24s
Jun 16, 2024 6:38:22 PM org.eclipse.lsp4j.jsonrpc.RemoteEndpoint handleCancellation
WARNING: Unmatched cancel notification for request id 1097
2024.06.16 18:41:13 INFO  no build target found for C:\Users\dell\UoC\FuntionalProgramming\Practicals\Prac1\Q1.scala. Using presentation compiler with project's scala-library version: 3.3.3
2024.06.16 18:41:13 INFO  no build target found for C:\Users\dell\UoC\FuntionalProgramming\Practicals\Prac1\Q1.scala. Using presentation compiler with project's scala-library version: 3.3.3
2024.06.16 18:41:13 INFO  Cancelling compilation on scala-cli server
2024.06.16 18:41:13 INFO  compiling prac1_2dc58a56ae (1 scala source)
2024.06.16 18:41:13 INFO  time: compiled Prac1_2dc58a56ae in 0.44s
2024.06.16 18:41:14 INFO  time: Imported build in 0.51s
2024.06.16 18:41:15 INFO  no build target found for C:\Users\dell\UoC\FuntionalProgramming\Practicals\Prac1\Q1 copy.scala. Using presentation compiler with project's scala-library version: 3.3.3
2024.06.16 18:41:15 INFO  no build target found for C:\Users\dell\UoC\FuntionalProgramming\Practicals\Prac1\Q1 copy.scala. Using presentation compiler with project's scala-library version: 3.3.3
2024.06.16 18:41:16 INFO  compiling prac1_2dc58a56ae (1 scala source)
2024.06.16 18:41:16 INFO  time: compiled Prac1_2dc58a56ae in 0.31s
2024.06.16 18:41:17 INFO  time: indexed workspace in 3.37s
2024.06.16 18:41:19 INFO  time: indexed workspace in 3.27s
2024.06.16 18:41:20 INFO  no build target found for C:\Users\dell\UoC\FuntionalProgramming\Practicals\Prac1\Q1 copy 2.scala. Using presentation compiler with project's scala-library version: 3.3.3
2024.06.16 18:41:20 INFO  no build target found for C:\Users\dell\UoC\FuntionalProgramming\Practicals\Prac1\Q1 copy 2.scala. Using presentation compiler with project's scala-library version: 3.3.3
2024.06.16 18:41:20 INFO  compiling prac1_2dc58a56ae (1 scala source)
2024.06.16 18:41:20 INFO  time: compiled Prac1_2dc58a56ae in 0.23s
2024.06.16 18:41:20 INFO  compiling prac1_2dc58a56ae (3 scala sources)
2024.06.16 18:41:20 INFO  time: compiled Prac1_2dc58a56ae in 0.16s
2024.06.16 18:41:20 INFO  compiling prac1_2dc58a56ae (1 scala source)
2024.06.16 18:41:20 INFO  time: compiled Prac1_2dc58a56ae in 0.33s
2024.06.16 18:41:20 INFO  compiling prac1_2dc58a56ae (3 scala sources)
2024.06.16 18:41:21 INFO  time: compiled Prac1_2dc58a56ae in 0.19s
2024.06.16 18:41:24 INFO  time: indexed workspace in 3.31s
2024.06.16 18:41:24 INFO  compiling prac1_2dc58a56ae (1 scala source)
2024.06.16 18:41:24 INFO  time: compiled Prac1_2dc58a56ae in 0.37s
2024.06.16 18:41:24 INFO  compiling prac1_2dc58a56ae (3 scala sources)
2024.06.16 18:41:24 INFO  time: compiled Prac1_2dc58a56ae in 0.21s
2024.06.16 18:41:30 INFO  compiling prac1_2dc58a56ae (3 scala sources)
2024.06.16 18:41:30 INFO  time: compiled Prac1_2dc58a56ae in 0.13s
2024.06.16 18:41:33 INFO  compiling prac1_2dc58a56ae (3 scala sources)
2024.06.16 18:41:33 INFO  time: compiled Prac1_2dc58a56ae in 0.12s
Jun 16, 2024 6:41:38 PM org.eclipse.lsp4j.jsonrpc.RemoteEndpoint handleCancellation
WARNING: Unmatched cancel notification for request id 1612
2024.06.16 18:42:05 INFO  no build target found for C:\Users\dell\UoC\FuntionalProgramming\Practicals\Prac1\Q2.scala. Using presentation compiler with project's scala-library version: 3.3.3
2024.06.16 18:42:05 INFO  no build target found for C:\Users\dell\UoC\FuntionalProgramming\Practicals\Prac1\Q2.scala. Using presentation compiler with project's scala-library version: 3.3.3
2024.06.16 18:42:05 INFO  Cancelling compilation on scala-cli server
2024.06.16 18:42:05 INFO  compiling prac1_2dc58a56ae (3 scala sources)
2024.06.16 18:42:05 WARN  Invalid text document uri received from build server: file:///C:/Users/dell/UoC/FuntionalProgramming/Practicals/Prac1/Q1%20copy.scala
2024.06.16 18:42:05 INFO  time: compiled Prac1_2dc58a56ae in 0.13s
2024.06.16 18:42:05 INFO  time: Imported build in 0.21s
2024.06.16 18:42:05 INFO  compiling prac1_2dc58a56ae (3 scala sources)
2024.06.16 18:42:05 INFO  time: compiled Prac1_2dc58a56ae in 0.13s
2024.06.16 18:42:05 INFO  compiling prac1_2dc58a56ae (3 scala sources)
2024.06.16 18:42:05 INFO  time: compiled Prac1_2dc58a56ae in 0.14s
2024.06.16 18:42:08 INFO  time: indexed workspace in 3.1s
2024.06.16 18:42:09 INFO  compiling prac1_2dc58a56ae (3 scala sources)
2024.06.16 18:42:09 INFO  time: compiled Prac1_2dc58a56ae in 0.12s
2024.06.16 18:42:30 INFO  no build target found for C:\Users\dell\UoC\FuntionalProgramming\Practicals\Prac1\Q1 copy.scala. Using presentation compiler with project's scala-library version: 3.3.3
2024.06.16 18:42:31 INFO  Cancelling compilation on scala-cli server
2024.06.16 18:42:31 INFO  compiling prac1_2dc58a56ae (3 scala sources)
2024.06.16 18:42:31 WARN  Invalid text document uri received from build server: file:///C:/Users/dell/UoC/FuntionalProgramming/Practicals/Prac1/Q2.scala
2024.06.16 18:42:31 INFO  time: compiled Prac1_2dc58a56ae in 0.12s
2024.06.16 18:42:31 INFO  time: Imported build in 0.21s
2024.06.16 18:42:31 INFO  compiling prac1_2dc58a56ae (3 scala sources)
2024.06.16 18:42:31 INFO  time: compiled Prac1_2dc58a56ae in 0.15s
2024.06.16 18:42:31 INFO  compiling prac1_2dc58a56ae (3 scala sources)
2024.06.16 18:42:31 INFO  time: compiled Prac1_2dc58a56ae in 0.15s
2024.06.16 18:42:34 INFO  time: indexed workspace in 3.02s
2024.06.16 18:42:35 INFO  compiling prac1_2dc58a56ae (3 scala sources)
2024.06.16 18:42:35 INFO  time: compiled Prac1_2dc58a56ae in 0.14s
2024.06.16 18:43:19 INFO  no build target found for C:\Users\dell\UoC\FuntionalProgramming\Practicals\Prac1\prac1.scala. Using presentation compiler with project's scala-library version: 3.3.3
2024.06.16 18:43:19 INFO  no build target found for C:\Users\dell\UoC\FuntionalProgramming\Practicals\Prac1\prac1.scala. Using presentation compiler with project's scala-library version: 3.3.3
2024.06.16 18:43:19 INFO  Cancelling compilation on scala-cli server
2024.06.16 18:43:19 INFO  no build target found for C:\Users\dell\UoC\FuntionalProgramming\Practicals\Prac1\prac1.scala. Using presentation compiler with project's scala-library version: 3.3.3
2024.06.16 18:43:19 INFO  compiling prac1_2dc58a56ae (3 scala sources)
2024.06.16 18:43:19 WARN  Invalid text document uri received from build server: file:///C:/Users/dell/UoC/FuntionalProgramming/Practicals/Prac1/Q1.scala
2024.06.16 18:43:19 INFO  time: compiled Prac1_2dc58a56ae in 0.2s
2024.06.16 18:43:19 INFO  time: Imported build in 0.27s
2024.06.16 18:43:20 INFO  no build target found for C:\Users\dell\UoC\FuntionalProgramming\Practicals\Prac1\prac1.scala. Using presentation compiler with project's scala-library version: 3.3.3
2024.06.16 18:43:19 INFO  compiling prac1_2dc58a56ae (3 scala sources)
2024.06.16 18:43:19 INFO  time: compiled Prac1_2dc58a56ae in 0.22s
2024.06.16 18:43:19 INFO  compiling prac1_2dc58a56ae (3 scala sources)
2024.06.16 18:43:19 INFO  time: compiled Prac1_2dc58a56ae in 0.18s
2024.06.16 18:43:23 INFO  time: indexed workspace in 3.11s
2024.06.16 18:43:23 INFO  compiling prac1_2dc58a56ae (3 scala sources)
2024.06.16 18:43:23 INFO  time: compiled Prac1_2dc58a56ae in 0.12s
2024.06.16 18:43:29 INFO  Cancelling compilation on scala-cli server
2024.06.16 18:43:29 INFO  compiling prac1_2dc58a56ae (2 scala sources)
2024.06.16 18:43:29 INFO  time: compiled Prac1_2dc58a56ae in 0.2s
2024.06.16 18:43:29 INFO  time: Imported build in 0.28s
2024.06.16 18:43:29 INFO  compiling prac1_2dc58a56ae (2 scala sources)
2024.06.16 18:43:29 INFO  time: compiled Prac1_2dc58a56ae in 0.14s
2024.06.16 18:43:29 INFO  compiling prac1_2dc58a56ae (2 scala sources)
2024.06.16 18:43:29 INFO  time: compiled Prac1_2dc58a56ae in 0.12s
2024.06.16 18:43:32 INFO  time: indexed workspace in 3.02s
2024.06.16 18:43:33 INFO  compiling prac1_2dc58a56ae (2 scala sources)
2024.06.16 18:43:33 INFO  time: compiled Prac1_2dc58a56ae in 0.15s
2024.06.16 18:43:40 INFO  Cancelling compilation on scala-cli server
2024.06.16 18:43:40 INFO  compiling prac1_2dc58a56ae (1 scala source)
2024.06.16 18:43:40 INFO  time: compiled Prac1_2dc58a56ae in 0.19s
2024.06.16 18:43:40 INFO  time: Imported build in 0.25s
2024.06.16 18:43:43 INFO  time: indexed workspace in 2.86s
Jun 16, 2024 6:45:59 PM org.eclipse.lsp4j.jsonrpc.RemoteEndpoint handleCancellation
WARNING: Unmatched cancel notification for request id 1950
2024.06.16 20:08:04 INFO  compiling prac1_2dc58a56ae (1 scala source)
2024.06.16 20:08:04 INFO  time: compiled Prac1_2dc58a56ae in 0.25s
2024.06.16 20:08:57 INFO  compiling prac1_2dc58a56ae (1 scala source)
2024.06.16 20:08:57 INFO  time: compiled Prac1_2dc58a56ae in 0.22s
2024.06.16 20:09:28 INFO  compiling prac1_2dc58a56ae (1 scala source)
2024.06.16 20:09:28 INFO  time: compiled Prac1_2dc58a56ae in 0.34s
2024.06.16 20:10:07 INFO  compiling prac1_2dc58a56ae (1 scala source)
2024.06.16 20:10:07 INFO  time: compiled Prac1_2dc58a56ae in 0.34s
2024.06.16 20:20:23 INFO  compiling prac1_2dc58a56ae (1 scala source)
2024.06.16 20:20:23 INFO  time: compiled Prac1_2dc58a56ae in 0.68s
2024.06.16 20:27:42 INFO  compiling prac1_2dc58a56ae (1 scala source)
2024.06.16 20:27:42 INFO  time: compiled Prac1_2dc58a56ae in 0.44s
2024.06.16 20:28:32 INFO  compiling prac1_2dc58a56ae (1 scala source)
2024.06.16 20:28:32 INFO  time: compiled Prac1_2dc58a56ae in 0.36s
2024.06.16 20:30:07 INFO  compiling prac1_2dc58a56ae (1 scala source)
2024.06.16 20:30:07 INFO  time: compiled Prac1_2dc58a56ae in 0.22s
2024.06.16 20:30:22 INFO  compiling prac1_2dc58a56ae (1 scala source)
2024.06.16 20:30:22 INFO  time: compiled Prac1_2dc58a56ae in 0.4s
2024.06.16 20:31:34 INFO  Shutting down server
2024.06.16 20:31:34 INFO  shutting down Metals
2024.06.16 20:31:34 INFO  Shut down connection with build server.
2024.06.16 20:31:34 INFO  Exiting server
