2024.07.15 15:06:21 INFO  Started: Metals version 1.3.3 in folders 'C:\Users\dell\UoC\FuntionalProgramming\Practicals\Prac5' for client Visual Studio Code 1.91.1.
SLF4J(W): Class path contains multiple SLF4J providers.
SLF4J(W): Found provider [scribe.slf4j.ScribeServiceProvider@6eee2295]
SLF4J(W): Found provider [ch.qos.logback.classic.spi.LogbackServiceProvider@3616beea]
SLF4J(W): See https://www.slf4j.org/codes.html#multiple_bindings for an explanation.
SLF4J(I): Actual provider is of type [scribe.slf4j.ScribeServiceProvider@6eee2295]
2024.07.15 15:06:21 WARN  Flyway upgrade recommended: H2 2.2.224 is newer than this version of Flyway and support has not been tested. The latest supported version of H2 is 2.2.220.
2024.07.15 15:06:22 INFO  no build target found for C:\Users\dell\UoC\FuntionalProgramming\Practicals\Prac5\Prac5.scala. Using presentation compiler with project's scala-library version: 3.3.3
2024.07.15 15:06:27 INFO  Running List(C:\Users\dell\AppData\Local\Coursier\data\bin\scala-cli.BAT, setup-ide, C:\Users\dell\UoC\FuntionalProgramming\Practicals\Prac5)
2024.07.15 15:06:27 INFO  Attempting to connect to the build server...
2024.07.15 15:06:27 INFO  Running BSP server List(C:\Users\dell\AppData\Local\Coursier\data\bin\.scala-cli.aux.exe, bsp, --json-options, C:\Users\dell\UoC\FuntionalProgramming\Practicals\Prac5\.scala-build\ide-options-v2.json, --json-launcher-options, C:\Users\dell\UoC\FuntionalProgramming\Practicals\Prac5\.scala-build\ide-launcher-options.json, --envs-file, C:\Users\dell\UoC\FuntionalProgramming\Practicals\Prac5\.scala-build\ide-envs.json, C:\Users\dell\UoC\FuntionalProgramming\Practicals\Prac5)
2024.07.15 15:06:27 INFO  tracing is disabled for protocol BSP, to enable tracing of incoming and outgoing JSON messages create an empty file at C:\Users\dell\UoC\FuntionalProgramming\Practicals\Prac5\.metals\bsp.trace.json or C:\Users\dell\AppData\Local\scalameta\metals\cache\bsp.trace.json
2024.07.15 15:06:32 INFO  no build target found for C:\Users\dell\UoC\FuntionalProgramming\Practicals\Prac5\Prac5.scala. Using presentation compiler with project's scala-library version: 3.3.3
2024.07.15 15:06:33 INFO  time: Connected to build server in 5.9s
2024.07.15 15:06:33 INFO  Connected to Build server: scala-cli v1.3.2
2024.07.15 15:06:33 INFO  running doctor check
2024.07.15 15:06:33 INFO  java targets: Prac5_2dc58a56ae-test, Prac5_2dc58a56ae
2024.07.15 15:06:34 INFO  compiling prac5_2dc58a56ae (1 scala source)
2024.07.15 15:06:34 INFO  time: compiled Prac5_2dc58a56ae in 0.67s
2024.07.15 15:06:34 INFO  compiling prac5_2dc58a56ae (1 scala source)
2024.07.15 15:06:35 INFO  time: compiled Prac5_2dc58a56ae in 0.66s
2024.07.15 15:06:36 WARN  Flyway upgrade recommended: H2 2.2.224 is newer than this version of Flyway and support has not been tested. The latest supported version of H2 is 2.2.220.
2024.07.15 15:06:39 INFO  time: indexed workspace in 5.61s
2024.07.15 15:06:39 INFO  compiling prac5_2dc58a56ae (1 scala source)
2024.07.15 15:06:39 INFO  time: compiled Prac5_2dc58a56ae in 0.32s
2024.07.15 15:06:39 INFO  compiling prac5_2dc58a56ae (1 scala source)
2024.07.15 15:06:41 INFO  time: compiled Prac5_2dc58a56ae in 0.51s
Jul 15, 2024 3:07:18 PM org.eclipse.lsp4j.jsonrpc.RemoteEndpoint handleCancellation
WARNING: Unmatched cancel notification for request id 117
Jul 15, 2024 3:07:23 PM org.eclipse.lsp4j.jsonrpc.RemoteEndpoint handleCancellation
WARNING: Unmatched cancel notification for request id 149
Jul 15, 2024 3:07:25 PM org.eclipse.lsp4j.jsonrpc.RemoteEndpoint handleCancellation
WARNING: Unmatched cancel notification for request id 166
2024.07.15 15:07:30 INFO  compiling prac5_2dc58a56ae (1 scala source)
2024.07.15 15:07:30 INFO  time: compiled Prac5_2dc58a56ae in 0.34s
2024.07.15 15:08:04 INFO  compiling prac5_2dc58a56ae (1 scala source)
2024.07.15 15:08:04 INFO  time: compiled Prac5_2dc58a56ae in 0.17s
2024.07.15 15:08:30 INFO  compiling prac5_2dc58a56ae (1 scala source)
2024.07.15 15:08:31 INFO  time: compiled Prac5_2dc58a56ae in 1.47s
2024.07.15 15:18:10 INFO  compiling prac5_2dc58a56ae (1 scala source)
2024.07.15 15:18:10 INFO  time: compiled Prac5_2dc58a56ae in 0.25s
2024.07.15 15:20:14 INFO  compiling prac5_2dc58a56ae (1 scala source)
2024.07.15 15:20:14 WARN  there was 1 deprecation warning; re-run with -deprecation for details
2024.07.15 15:20:14 INFO  time: compiled Prac5_2dc58a56ae in 0.73s
2024.07.15 15:20:45 INFO  compiling prac5_2dc58a56ae (1 scala source)
2024.07.15 15:20:45 WARN  there was 1 deprecation warning; re-run with -deprecation for details
2024.07.15 15:20:45 INFO  time: compiled Prac5_2dc58a56ae in 0.45s
2024.07.15 15:21:25 INFO  compiling prac5_2dc58a56ae (1 scala source)
2024.07.15 15:21:25 WARN  there was 1 deprecation warning; re-run with -deprecation for details
2024.07.15 15:21:25 INFO  time: compiled Prac5_2dc58a56ae in 0.63s
Jul 15, 2024 3:21:41 PM org.eclipse.lsp4j.jsonrpc.RemoteEndpoint handleCancellation
WARNING: Unmatched cancel notification for request id 1512
2024.07.15 15:21:46 INFO  compiling prac5_2dc58a56ae (1 scala source)
2024.07.15 15:21:46 WARN  there was 1 deprecation warning; re-run with -deprecation for details
2024.07.15 15:21:46 INFO  time: compiled Prac5_2dc58a56ae in 0.5s
Jul 15, 2024 3:22:17 PM org.eclipse.lsp4j.jsonrpc.RemoteEndpoint handleCancellation
WARNING: Unmatched cancel notification for request id 1550
2024.07.15 15:22:26 INFO  compiling prac5_2dc58a56ae (1 scala source)
2024.07.15 15:22:26 INFO  time: compiled Prac5_2dc58a56ae in 0.77s
Jul 15, 2024 3:22:47 PM org.eclipse.lsp4j.jsonrpc.RemoteEndpoint handleCancellation
WARNING: Unmatched cancel notification for request id 1641
Jul 15, 2024 3:23:00 PM org.eclipse.lsp4j.jsonrpc.RemoteEndpoint handleCancellation
WARNING: Unmatched cancel notification for request id 1706
2024.07.15 15:23:09 INFO  compiling prac5_2dc58a56ae (1 scala source)
2024.07.15 15:23:09 WARN  there was 1 deprecation warning; re-run with -deprecation for details
2024.07.15 15:23:09 INFO  time: compiled Prac5_2dc58a56ae in 0.64s
Jul 15, 2024 3:23:47 PM org.eclipse.lsp4j.jsonrpc.RemoteEndpoint handleCancellation
WARNING: Unmatched cancel notification for request id 1789
2024.07.15 15:23:52 INFO  compiling prac5_2dc58a56ae (1 scala source)
2024.07.15 15:23:52 WARN  there was 1 deprecation warning; re-run with -deprecation for details
2024.07.15 15:23:52 INFO  time: compiled Prac5_2dc58a56ae in 0.56s
2024.07.15 15:25:01 INFO  compiling prac5_2dc58a56ae (1 scala source)
2024.07.15 15:25:01 WARN  there was 1 deprecation warning; re-run with -deprecation for details
2024.07.15 15:25:01 INFO  time: compiled Prac5_2dc58a56ae in 0.45s
Jul 15, 2024 3:25:59 PM org.eclipse.lsp4j.jsonrpc.RemoteEndpoint handleCancellation
WARNING: Unmatched cancel notification for request id 2219
Jul 15, 2024 3:25:59 PM org.eclipse.lsp4j.jsonrpc.RemoteEndpoint handleCancellation
WARNING: Unmatched cancel notification for request id 2226
2024.07.15 15:28:31 ERROR Failed to tokenize input for semantic tokens for C:\Users\dell\UoC\FuntionalProgramming\Practicals\Prac5\Prac5.scala
scala.meta.tokenizers.TokenizeException: <input>:41: error: Invalid literal number, followed by identifier character
        FibbonacciHelper(0scala.io.StdIn.readInt())
                          ^
	at scala.meta.internal.tokenizers.Reporter.syntaxError(Reporter.scala:23)
	at scala.meta.internal.tokenizers.Reporter.syntaxError$(Reporter.scala:23)
	at scala.meta.internal.tokenizers.Reporter$$anon$1.syntaxError(Reporter.scala:32)
	at scala.meta.internal.tokenizers.Reporter.syntaxError(Reporter.scala:25)
	at scala.meta.internal.tokenizers.Reporter.syntaxError$(Reporter.scala:25)
	at scala.meta.internal.tokenizers.Reporter$$anon$1.syntaxError(Reporter.scala:32)
	at scala.meta.internal.tokenizers.LegacyScanner.checkNoLetter(LegacyScanner.scala:774)
	at scala.meta.internal.tokenizers.LegacyScanner.setNumberInteger$1(LegacyScanner.scala:796)
	at scala.meta.internal.tokenizers.LegacyScanner.getNumber(LegacyScanner.scala:811)
	at scala.meta.internal.tokenizers.LegacyScanner.fetchZero$1(LegacyScanner.scala:320)
	at scala.meta.internal.tokenizers.LegacyScanner.fetchToken(LegacyScanner.scala:323)
	at scala.meta.internal.tokenizers.LegacyScanner.nextToken(LegacyScanner.scala:201)
	at scala.meta.internal.tokenizers.LegacyScanner.foreach(LegacyScanner.scala:912)
	at scala.meta.internal.tokenizers.ScalametaTokenizer.uncachedTokenize(ScalametaTokenizer.scala:23)
	at scala.meta.internal.tokenizers.ScalametaTokenizer.$anonfun$tokenize$1(ScalametaTokenizer.scala:17)
	at scala.collection.concurrent.TrieMap.getOrElseUpdate(TrieMap.scala:960)
	at scala.meta.internal.tokenizers.ScalametaTokenizer.tokenize(ScalametaTokenizer.scala:17)
	at scala.meta.internal.tokenizers.ScalametaTokenizer$$anon$2.apply(ScalametaTokenizer.scala:322)
	at scala.meta.tokenizers.Api$XtensionTokenizeDialectInput.tokenize(Api.scala:22)
	at scala.meta.tokenizers.Api$XtensionTokenizeInputLike.tokenize(Api.scala:13)
	at scala.meta.internal.metals.SemanticTokensProvider$.getTokens(SemanticTokensProvider.scala:28)
	at scala.meta.internal.metals.SemanticTokensProvider$.provide(SemanticTokensProvider.scala:89)
	at scala.meta.internal.metals.Compilers.$anonfun$semanticTokens$3(Compilers.scala:545)
	at scala.concurrent.impl.Promise$Transformation.run(Promise.scala:467)
	at java.util.concurrent.ThreadPoolExecutor.runWorker(ThreadPoolExecutor.java:1136)
	at java.util.concurrent.ThreadPoolExecutor$Worker.run(ThreadPoolExecutor.java:635)
	at java.lang.Thread.run(Thread.java:833)

2024.07.15 15:28:31 ERROR Failed to tokenize input for semantic tokens for C:\Users\dell\UoC\FuntionalProgramming\Practicals\Prac5\Prac5.scala
scala.meta.tokenizers.TokenizeException: <input>:41: error: Invalid literal number, followed by identifier character
        FibbonacciHelper(0, 1scala.io.StdIn.readInt())
                             ^
	at scala.meta.internal.tokenizers.Reporter.syntaxError(Reporter.scala:23)
	at scala.meta.internal.tokenizers.Reporter.syntaxError$(Reporter.scala:23)
	at scala.meta.internal.tokenizers.Reporter$$anon$1.syntaxError(Reporter.scala:32)
	at scala.meta.internal.tokenizers.Reporter.syntaxError(Reporter.scala:25)
	at scala.meta.internal.tokenizers.Reporter.syntaxError$(Reporter.scala:25)
	at scala.meta.internal.tokenizers.Reporter$$anon$1.syntaxError(Reporter.scala:32)
	at scala.meta.internal.tokenizers.LegacyScanner.checkNoLetter(LegacyScanner.scala:774)
	at scala.meta.internal.tokenizers.LegacyScanner.setNumberInteger$1(LegacyScanner.scala:796)
	at scala.meta.internal.tokenizers.LegacyScanner.getNumber(LegacyScanner.scala:811)
	at scala.meta.internal.tokenizers.LegacyScanner.fetchToken(LegacyScanner.scala:326)
	at scala.meta.internal.tokenizers.LegacyScanner.nextToken(LegacyScanner.scala:201)
	at scala.meta.internal.tokenizers.LegacyScanner.foreach(LegacyScanner.scala:912)
	at scala.meta.internal.tokenizers.ScalametaTokenizer.uncachedTokenize(ScalametaTokenizer.scala:23)
	at scala.meta.internal.tokenizers.ScalametaTokenizer.$anonfun$tokenize$1(ScalametaTokenizer.scala:17)
	at scala.collection.concurrent.TrieMap.getOrElseUpdate(TrieMap.scala:960)
	at scala.meta.internal.tokenizers.ScalametaTokenizer.tokenize(ScalametaTokenizer.scala:17)
	at scala.meta.internal.tokenizers.ScalametaTokenizer$$anon$2.apply(ScalametaTokenizer.scala:322)
	at scala.meta.tokenizers.Api$XtensionTokenizeDialectInput.tokenize(Api.scala:22)
	at scala.meta.tokenizers.Api$XtensionTokenizeInputLike.tokenize(Api.scala:13)
	at scala.meta.internal.metals.SemanticTokensProvider$.getTokens(SemanticTokensProvider.scala:28)
	at scala.meta.internal.metals.SemanticTokensProvider$.provide(SemanticTokensProvider.scala:89)
	at scala.meta.internal.metals.Compilers.$anonfun$semanticTokens$3(Compilers.scala:545)
	at scala.concurrent.impl.Promise$Transformation.run(Promise.scala:467)
	at java.util.concurrent.ThreadPoolExecutor.runWorker(ThreadPoolExecutor.java:1136)
	at java.util.concurrent.ThreadPoolExecutor$Worker.run(ThreadPoolExecutor.java:635)
	at java.lang.Thread.run(Thread.java:833)

2024.07.15 15:30:23 INFO  compiling prac5_2dc58a56ae (1 scala source)
2024.07.15 15:30:23 INFO  time: compiled Prac5_2dc58a56ae in 0.2s
2024.07.15 15:30:35 INFO  compiling prac5_2dc58a56ae (1 scala source)
2024.07.15 15:30:35 WARN  there was 1 deprecation warning; re-run with -deprecation for details
2024.07.15 15:30:35 INFO  time: compiled Prac5_2dc58a56ae in 0.43s
2024.07.15 15:30:44 INFO  compiling prac5_2dc58a56ae (1 scala source)
2024.07.15 15:30:44 WARN  there was 1 deprecation warning; re-run with -deprecation for details
2024.07.15 15:30:44 INFO  time: compiled Prac5_2dc58a56ae in 0.4s
2024.07.15 15:33:35 INFO  compiling prac5_2dc58a56ae (1 scala source)
2024.07.15 15:33:35 WARN  there was 1 deprecation warning; re-run with -deprecation for details
2024.07.15 15:33:35 INFO  time: compiled Prac5_2dc58a56ae in 0.39s
2024.07.15 15:34:03 INFO  compiling prac5_2dc58a56ae (1 scala source)
2024.07.15 15:34:03 WARN  there was 1 deprecation warning; re-run with -deprecation for details
2024.07.15 15:34:03 INFO  time: compiled Prac5_2dc58a56ae in 0.41s
2024.07.15 15:37:45 INFO  compiling prac5_2dc58a56ae (1 scala source)
2024.07.15 15:37:45 INFO  time: compiled Prac5_2dc58a56ae in 0.2s
2024.07.15 15:37:56 INFO  compiling prac5_2dc58a56ae (1 scala source)
2024.07.15 15:37:56 INFO  time: compiled Prac5_2dc58a56ae in 0.2s
2024.07.15 15:38:43 INFO  compiling prac5_2dc58a56ae (1 scala source)
2024.07.15 15:38:43 WARN  there was 1 deprecation warning; re-run with -deprecation for details
2024.07.15 15:38:43 INFO  time: compiled Prac5_2dc58a56ae in 0.47s
2024.07.15 15:51:53 INFO  compiling prac5_2dc58a56ae (1 scala source)
2024.07.15 15:51:53 WARN  there was 1 deprecation warning; re-run with -deprecation for details
2024.07.15 15:51:53 INFO  time: compiled Prac5_2dc58a56ae in 0.43s
Jul 16, 2024 4:22:20 AM org.eclipse.lsp4j.jsonrpc.RemoteEndpoint handleCancellation
WARNING: Unmatched cancel notification for request id 4068
Jul 16, 2024 4:23:10 AM org.eclipse.lsp4j.jsonrpc.RemoteEndpoint handleCancellation
WARNING: Unmatched cancel notification for request id 4247
Jul 16, 2024 4:27:26 AM org.eclipse.lsp4j.jsonrpc.RemoteEndpoint handleCancellation
WARNING: Unmatched cancel notification for request id 4335
Jul 16, 2024 4:27:30 AM org.eclipse.lsp4j.jsonrpc.RemoteEndpoint handleCancellation
WARNING: Unmatched cancel notification for request id 4353
2024.07.16 04:52:14 ERROR Failed to tokenize input for semantic tokens for C:\Users\dell\UoC\FuntionalProgramming\Practicals\Prac5\Prac5.scala
scala.meta.tokenizers.TokenizeException: <input>:50: error: unclosed string literal
    AddNewBook("The Catcher in the Rye)
               ^
	at scala.meta.internal.tokenizers.Reporter.syntaxError(Reporter.scala:23)
	at scala.meta.internal.tokenizers.Reporter.syntaxError$(Reporter.scala:23)
	at scala.meta.internal.tokenizers.Reporter$$anon$1.syntaxError(Reporter.scala:32)
	at scala.meta.internal.tokenizers.Reporter.syntaxError(Reporter.scala:25)
	at scala.meta.internal.tokenizers.Reporter.syntaxError$(Reporter.scala:25)
	at scala.meta.internal.tokenizers.Reporter$$anon$1.syntaxError(Reporter.scala:32)
	at scala.meta.internal.tokenizers.LegacyScanner.getStringLit(LegacyScanner.scala:509)
	at scala.meta.internal.tokenizers.LegacyScanner.fetchDoubleQuote$1(LegacyScanner.scala:361)
	at scala.meta.internal.tokenizers.LegacyScanner.fetchToken(LegacyScanner.scala:363)
	at scala.meta.internal.tokenizers.LegacyScanner.nextToken(LegacyScanner.scala:201)
	at scala.meta.internal.tokenizers.LegacyScanner.foreach(LegacyScanner.scala:912)
	at scala.meta.internal.tokenizers.ScalametaTokenizer.uncachedTokenize(ScalametaTokenizer.scala:23)
	at scala.meta.internal.tokenizers.ScalametaTokenizer.$anonfun$tokenize$1(ScalametaTokenizer.scala:17)
	at scala.collection.concurrent.TrieMap.getOrElseUpdate(TrieMap.scala:960)
	at scala.meta.internal.tokenizers.ScalametaTokenizer.tokenize(ScalametaTokenizer.scala:17)
	at scala.meta.internal.tokenizers.ScalametaTokenizer$$anon$2.apply(ScalametaTokenizer.scala:322)
	at scala.meta.tokenizers.Api$XtensionTokenizeDialectInput.tokenize(Api.scala:22)
	at scala.meta.tokenizers.Api$XtensionTokenizeInputLike.tokenize(Api.scala:13)
	at scala.meta.internal.metals.SemanticTokensProvider$.getTokens(SemanticTokensProvider.scala:28)
	at scala.meta.internal.metals.SemanticTokensProvider$.provide(SemanticTokensProvider.scala:89)
	at scala.meta.internal.metals.Compilers.$anonfun$semanticTokens$3(Compilers.scala:545)
	at scala.concurrent.impl.Promise$Transformation.run(Promise.scala:467)
	at java.util.concurrent.ThreadPoolExecutor.runWorker(ThreadPoolExecutor.java:1136)
	at java.util.concurrent.ThreadPoolExecutor$Worker.run(ThreadPoolExecutor.java:635)
	at java.lang.Thread.run(Thread.java:833)

2024.07.16 04:52:53 ERROR Failed to tokenize input for semantic tokens for C:\Users\dell\UoC\FuntionalProgramming\Practicals\Prac5\Prac5.scala
scala.meta.tokenizers.TokenizeException: <input>:51: error: unclosed string literal
    AddNewBook("The Catcher in the Rye", " J.D. Salinger", "9780316769488)
                                                           ^
	at scala.meta.internal.tokenizers.Reporter.syntaxError(Reporter.scala:23)
	at scala.meta.internal.tokenizers.Reporter.syntaxError$(Reporter.scala:23)
	at scala.meta.internal.tokenizers.Reporter$$anon$1.syntaxError(Reporter.scala:32)
	at scala.meta.internal.tokenizers.Reporter.syntaxError(Reporter.scala:25)
	at scala.meta.internal.tokenizers.Reporter.syntaxError$(Reporter.scala:25)
	at scala.meta.internal.tokenizers.Reporter$$anon$1.syntaxError(Reporter.scala:32)
	at scala.meta.internal.tokenizers.LegacyScanner.getStringLit(LegacyScanner.scala:509)
	at scala.meta.internal.tokenizers.LegacyScanner.fetchDoubleQuote$1(LegacyScanner.scala:361)
	at scala.meta.internal.tokenizers.LegacyScanner.fetchToken(LegacyScanner.scala:363)
	at scala.meta.internal.tokenizers.LegacyScanner.nextToken(LegacyScanner.scala:201)
	at scala.meta.internal.tokenizers.LegacyScanner.foreach(LegacyScanner.scala:912)
	at scala.meta.internal.tokenizers.ScalametaTokenizer.uncachedTokenize(ScalametaTokenizer.scala:23)
	at scala.meta.internal.tokenizers.ScalametaTokenizer.$anonfun$tokenize$1(ScalametaTokenizer.scala:17)
	at scala.collection.concurrent.TrieMap.getOrElseUpdate(TrieMap.scala:960)
	at scala.meta.internal.tokenizers.ScalametaTokenizer.tokenize(ScalametaTokenizer.scala:17)
	at scala.meta.internal.tokenizers.ScalametaTokenizer$$anon$2.apply(ScalametaTokenizer.scala:322)
	at scala.meta.tokenizers.Api$XtensionTokenizeDialectInput.tokenize(Api.scala:22)
	at scala.meta.tokenizers.Api$XtensionTokenizeInputLike.tokenize(Api.scala:13)
	at scala.meta.internal.metals.SemanticTokensProvider$.getTokens(SemanticTokensProvider.scala:28)
	at scala.meta.internal.metals.SemanticTokensProvider$.provide(SemanticTokensProvider.scala:89)
	at scala.meta.internal.metals.Compilers.$anonfun$semanticTokens$3(Compilers.scala:545)
	at scala.concurrent.impl.Promise$Transformation.run(Promise.scala:467)
	at java.util.concurrent.ThreadPoolExecutor.runWorker(ThreadPoolExecutor.java:1136)
	at java.util.concurrent.ThreadPoolExecutor$Worker.run(ThreadPoolExecutor.java:635)
	at java.lang.Thread.run(Thread.java:833)

2024.07.16 04:52:53 ERROR Failed to tokenize input for semantic tokens for C:\Users\dell\UoC\FuntionalProgramming\Practicals\Prac5\Prac5.scala
scala.meta.tokenizers.TokenizeException: <input>:51: error: unclosed string literal
    AddNewBook("The Catcher in the Rye", " J)
                                         ^
	at scala.meta.internal.tokenizers.Reporter.syntaxError(Reporter.scala:23)
	at scala.meta.internal.tokenizers.Reporter.syntaxError$(Reporter.scala:23)
	at scala.meta.internal.tokenizers.Reporter$$anon$1.syntaxError(Reporter.scala:32)
	at scala.meta.internal.tokenizers.Reporter.syntaxError(Reporter.scala:25)
	at scala.meta.internal.tokenizers.Reporter.syntaxError$(Reporter.scala:25)
	at scala.meta.internal.tokenizers.Reporter$$anon$1.syntaxError(Reporter.scala:32)
	at scala.meta.internal.tokenizers.LegacyScanner.getStringLit(LegacyScanner.scala:509)
	at scala.meta.internal.tokenizers.LegacyScanner.fetchDoubleQuote$1(LegacyScanner.scala:361)
	at scala.meta.internal.tokenizers.LegacyScanner.fetchToken(LegacyScanner.scala:363)
	at scala.meta.internal.tokenizers.LegacyScanner.nextToken(LegacyScanner.scala:201)
	at scala.meta.internal.tokenizers.LegacyScanner.foreach(LegacyScanner.scala:912)
	at scala.meta.internal.tokenizers.ScalametaTokenizer.uncachedTokenize(ScalametaTokenizer.scala:23)
	at scala.meta.internal.tokenizers.ScalametaTokenizer.$anonfun$tokenize$1(ScalametaTokenizer.scala:17)
	at scala.collection.concurrent.TrieMap.getOrElseUpdate(TrieMap.scala:960)
	at scala.meta.internal.tokenizers.ScalametaTokenizer.tokenize(ScalametaTokenizer.scala:17)
	at scala.meta.internal.tokenizers.ScalametaTokenizer$$anon$2.apply(ScalametaTokenizer.scala:322)
	at scala.meta.tokenizers.Api$XtensionTokenizeDialectInput.tokenize(Api.scala:22)
	at scala.meta.tokenizers.Api$XtensionTokenizeInputLike.tokenize(Api.scala:13)
	at scala.meta.internal.metals.SemanticTokensProvider$.getTokens(SemanticTokensProvider.scala:28)
	at scala.meta.internal.metals.SemanticTokensProvider$.provide(SemanticTokensProvider.scala:89)
	at scala.meta.internal.metals.Compilers.$anonfun$semanticTokens$3(Compilers.scala:545)
	at scala.concurrent.impl.Promise$Transformation.run(Promise.scala:467)
	at java.util.concurrent.ThreadPoolExecutor.runWorker(ThreadPoolExecutor.java:1136)
	at java.util.concurrent.ThreadPoolExecutor$Worker.run(ThreadPoolExecutor.java:635)
	at java.lang.Thread.run(Thread.java:833)

2024.07.16 04:52:53 ERROR Failed to tokenize input for semantic tokens for C:\Users\dell\UoC\FuntionalProgramming\Practicals\Prac5\Prac5.scala
scala.meta.tokenizers.TokenizeException: <input>:51: error: unclosed string literal
    AddNewBook("The Catcher in the Rye", " )
                                         ^
	at scala.meta.internal.tokenizers.Reporter.syntaxError(Reporter.scala:23)
	at scala.meta.internal.tokenizers.Reporter.syntaxError$(Reporter.scala:23)
	at scala.meta.internal.tokenizers.Reporter$$anon$1.syntaxError(Reporter.scala:32)
	at scala.meta.internal.tokenizers.Reporter.syntaxError(Reporter.scala:25)
	at scala.meta.internal.tokenizers.Reporter.syntaxError$(Reporter.scala:25)
	at scala.meta.internal.tokenizers.Reporter$$anon$1.syntaxError(Reporter.scala:32)
	at scala.meta.internal.tokenizers.LegacyScanner.getStringLit(LegacyScanner.scala:509)
	at scala.meta.internal.tokenizers.LegacyScanner.fetchDoubleQuote$1(LegacyScanner.scala:361)
	at scala.meta.internal.tokenizers.LegacyScanner.fetchToken(LegacyScanner.scala:363)
	at scala.meta.internal.tokenizers.LegacyScanner.nextToken(LegacyScanner.scala:201)
	at scala.meta.internal.tokenizers.LegacyScanner.foreach(LegacyScanner.scala:912)
	at scala.meta.internal.tokenizers.ScalametaTokenizer.uncachedTokenize(ScalametaTokenizer.scala:23)
	at scala.meta.internal.tokenizers.ScalametaTokenizer.$anonfun$tokenize$1(ScalametaTokenizer.scala:17)
	at scala.collection.concurrent.TrieMap.getOrElseUpdate(TrieMap.scala:960)
	at scala.meta.internal.tokenizers.ScalametaTokenizer.tokenize(ScalametaTokenizer.scala:17)
	at scala.meta.internal.tokenizers.ScalametaTokenizer$$anon$2.apply(ScalametaTokenizer.scala:322)
	at scala.meta.tokenizers.Api$XtensionTokenizeDialectInput.tokenize(Api.scala:22)
	at scala.meta.tokenizers.Api$XtensionTokenizeInputLike.tokenize(Api.scala:13)
	at scala.meta.internal.metals.SemanticTokensProvider$.getTokens(SemanticTokensProvider.scala:28)
	at scala.meta.internal.metals.SemanticTokensProvider$.provide(SemanticTokensProvider.scala:89)
	at scala.meta.internal.metals.Compilers.$anonfun$semanticTokens$3(Compilers.scala:545)
	at scala.concurrent.impl.Promise$Transformation.run(Promise.scala:467)
	at java.util.concurrent.ThreadPoolExecutor.runWorker(ThreadPoolExecutor.java:1136)
	at java.util.concurrent.ThreadPoolExecutor$Worker.run(ThreadPoolExecutor.java:635)
	at java.lang.Thread.run(Thread.java:833)

2024.07.16 04:52:54 ERROR Failed to tokenize input for semantic tokens for C:\Users\dell\UoC\FuntionalProgramming\Practicals\Prac5\Prac5.scala
scala.meta.tokenizers.TokenizeException: <input>:51: error: unclosed string literal
    AddNewBook("The Catcher in the Rye)
               ^
	at scala.meta.internal.tokenizers.Reporter.syntaxError(Reporter.scala:23)
	at scala.meta.internal.tokenizers.Reporter.syntaxError$(Reporter.scala:23)
	at scala.meta.internal.tokenizers.Reporter$$anon$1.syntaxError(Reporter.scala:32)
	at scala.meta.internal.tokenizers.Reporter.syntaxError(Reporter.scala:25)
	at scala.meta.internal.tokenizers.Reporter.syntaxError$(Reporter.scala:25)
	at scala.meta.internal.tokenizers.Reporter$$anon$1.syntaxError(Reporter.scala:32)
	at scala.meta.internal.tokenizers.LegacyScanner.getStringLit(LegacyScanner.scala:509)
	at scala.meta.internal.tokenizers.LegacyScanner.fetchDoubleQuote$1(LegacyScanner.scala:361)
	at scala.meta.internal.tokenizers.LegacyScanner.fetchToken(LegacyScanner.scala:363)
	at scala.meta.internal.tokenizers.LegacyScanner.nextToken(LegacyScanner.scala:201)
	at scala.meta.internal.tokenizers.LegacyScanner.foreach(LegacyScanner.scala:912)
	at scala.meta.internal.tokenizers.ScalametaTokenizer.uncachedTokenize(ScalametaTokenizer.scala:23)
	at scala.meta.internal.tokenizers.ScalametaTokenizer.$anonfun$tokenize$1(ScalametaTokenizer.scala:17)
	at scala.collection.concurrent.TrieMap.getOrElseUpdate(TrieMap.scala:960)
	at scala.meta.internal.tokenizers.ScalametaTokenizer.tokenize(ScalametaTokenizer.scala:17)
	at scala.meta.internal.tokenizers.ScalametaTokenizer$$anon$2.apply(ScalametaTokenizer.scala:322)
	at scala.meta.tokenizers.Api$XtensionTokenizeDialectInput.tokenize(Api.scala:22)
	at scala.meta.tokenizers.Api$XtensionTokenizeInputLike.tokenize(Api.scala:13)
	at scala.meta.internal.metals.SemanticTokensProvider$.getTokens(SemanticTokensProvider.scala:28)
	at scala.meta.internal.metals.SemanticTokensProvider$.provide(SemanticTokensProvider.scala:89)
	at scala.meta.internal.metals.Compilers.$anonfun$semanticTokens$3(Compilers.scala:545)
	at scala.concurrent.impl.Promise$Transformation.run(Promise.scala:467)
	at java.util.concurrent.ThreadPoolExecutor.runWorker(ThreadPoolExecutor.java:1136)
	at java.util.concurrent.ThreadPoolExecutor$Worker.run(ThreadPoolExecutor.java:635)
	at java.lang.Thread.run(Thread.java:833)

2024.07.16 04:52:55 ERROR Failed to tokenize input for semantic tokens for C:\Users\dell\UoC\FuntionalProgramming\Practicals\Prac5\Prac5.scala
scala.meta.tokenizers.TokenizeException: <input>:51: error: unclosed string literal
    AddNewBook("The Catcher in )
               ^
	at scala.meta.internal.tokenizers.Reporter.syntaxError(Reporter.scala:23)
	at scala.meta.internal.tokenizers.Reporter.syntaxError$(Reporter.scala:23)
	at scala.meta.internal.tokenizers.Reporter$$anon$1.syntaxError(Reporter.scala:32)
	at scala.meta.internal.tokenizers.Reporter.syntaxError(Reporter.scala:25)
	at scala.meta.internal.tokenizers.Reporter.syntaxError$(Reporter.scala:25)
	at scala.meta.internal.tokenizers.Reporter$$anon$1.syntaxError(Reporter.scala:32)
	at scala.meta.internal.tokenizers.LegacyScanner.getStringLit(LegacyScanner.scala:509)
	at scala.meta.internal.tokenizers.LegacyScanner.fetchDoubleQuote$1(LegacyScanner.scala:361)
	at scala.meta.internal.tokenizers.LegacyScanner.fetchToken(LegacyScanner.scala:363)
	at scala.meta.internal.tokenizers.LegacyScanner.nextToken(LegacyScanner.scala:201)
	at scala.meta.internal.tokenizers.LegacyScanner.foreach(LegacyScanner.scala:912)
	at scala.meta.internal.tokenizers.ScalametaTokenizer.uncachedTokenize(ScalametaTokenizer.scala:23)
	at scala.meta.internal.tokenizers.ScalametaTokenizer.$anonfun$tokenize$1(ScalametaTokenizer.scala:17)
	at scala.collection.concurrent.TrieMap.getOrElseUpdate(TrieMap.scala:960)
	at scala.meta.internal.tokenizers.ScalametaTokenizer.tokenize(ScalametaTokenizer.scala:17)
	at scala.meta.internal.tokenizers.ScalametaTokenizer$$anon$2.apply(ScalametaTokenizer.scala:322)
	at scala.meta.tokenizers.Api$XtensionTokenizeDialectInput.tokenize(Api.scala:22)
	at scala.meta.tokenizers.Api$XtensionTokenizeInputLike.tokenize(Api.scala:13)
	at scala.meta.internal.metals.SemanticTokensProvider$.getTokens(SemanticTokensProvider.scala:28)
	at scala.meta.internal.metals.SemanticTokensProvider$.provide(SemanticTokensProvider.scala:89)
	at scala.meta.internal.metals.Compilers.$anonfun$semanticTokens$3(Compilers.scala:545)
	at scala.concurrent.impl.Promise$Transformation.run(Promise.scala:467)
	at java.util.concurrent.ThreadPoolExecutor.runWorker(ThreadPoolExecutor.java:1136)
	at java.util.concurrent.ThreadPoolExecutor$Worker.run(ThreadPoolExecutor.java:635)
	at java.lang.Thread.run(Thread.java:833)

2024.07.16 04:52:55 ERROR Failed to tokenize input for semantic tokens for C:\Users\dell\UoC\FuntionalProgramming\Practicals\Prac5\Prac5.scala
scala.meta.tokenizers.TokenizeException: <input>:51: error: unclosed string literal
    AddNewBook("The )
               ^
	at scala.meta.internal.tokenizers.Reporter.syntaxError(Reporter.scala:23)
	at scala.meta.internal.tokenizers.Reporter.syntaxError$(Reporter.scala:23)
	at scala.meta.internal.tokenizers.Reporter$$anon$1.syntaxError(Reporter.scala:32)
	at scala.meta.internal.tokenizers.Reporter.syntaxError(Reporter.scala:25)
	at scala.meta.internal.tokenizers.Reporter.syntaxError$(Reporter.scala:25)
	at scala.meta.internal.tokenizers.Reporter$$anon$1.syntaxError(Reporter.scala:32)
	at scala.meta.internal.tokenizers.LegacyScanner.getStringLit(LegacyScanner.scala:509)
	at scala.meta.internal.tokenizers.LegacyScanner.fetchDoubleQuote$1(LegacyScanner.scala:361)
	at scala.meta.internal.tokenizers.LegacyScanner.fetchToken(LegacyScanner.scala:363)
	at scala.meta.internal.tokenizers.LegacyScanner.nextToken(LegacyScanner.scala:201)
	at scala.meta.internal.tokenizers.LegacyScanner.foreach(LegacyScanner.scala:912)
	at scala.meta.internal.tokenizers.ScalametaTokenizer.uncachedTokenize(ScalametaTokenizer.scala:23)
	at scala.meta.internal.tokenizers.ScalametaTokenizer.$anonfun$tokenize$1(ScalametaTokenizer.scala:17)
	at scala.collection.concurrent.TrieMap.getOrElseUpdate(TrieMap.scala:960)
	at scala.meta.internal.tokenizers.ScalametaTokenizer.tokenize(ScalametaTokenizer.scala:17)
	at scala.meta.internal.tokenizers.ScalametaTokenizer$$anon$2.apply(ScalametaTokenizer.scala:322)
	at scala.meta.tokenizers.Api$XtensionTokenizeDialectInput.tokenize(Api.scala:22)
	at scala.meta.tokenizers.Api$XtensionTokenizeInputLike.tokenize(Api.scala:13)
	at scala.meta.internal.metals.SemanticTokensProvider$.getTokens(SemanticTokensProvider.scala:28)
	at scala.meta.internal.metals.SemanticTokensProvider$.provide(SemanticTokensProvider.scala:89)
	at scala.meta.internal.metals.Compilers.$anonfun$semanticTokens$3(Compilers.scala:545)
	at scala.concurrent.impl.Promise$Transformation.run(Promise.scala:467)
	at java.util.concurrent.ThreadPoolExecutor.runWorker(ThreadPoolExecutor.java:1136)
	at java.util.concurrent.ThreadPoolExecutor$Worker.run(ThreadPoolExecutor.java:635)
	at java.lang.Thread.run(Thread.java:833)

2024.07.16 04:52:56 ERROR Failed to tokenize input for semantic tokens for C:\Users\dell\UoC\FuntionalProgramming\Practicals\Prac5\Prac5.scala
scala.meta.tokenizers.TokenizeException: <input>:51: error: unclosed string literal
    AddNewBook(")
               ^
	at scala.meta.internal.tokenizers.Reporter.syntaxError(Reporter.scala:23)
	at scala.meta.internal.tokenizers.Reporter.syntaxError$(Reporter.scala:23)
	at scala.meta.internal.tokenizers.Reporter$$anon$1.syntaxError(Reporter.scala:32)
	at scala.meta.internal.tokenizers.Reporter.syntaxError(Reporter.scala:25)
	at scala.meta.internal.tokenizers.Reporter.syntaxError$(Reporter.scala:25)
	at scala.meta.internal.tokenizers.Reporter$$anon$1.syntaxError(Reporter.scala:32)
	at scala.meta.internal.tokenizers.LegacyScanner.getStringLit(LegacyScanner.scala:509)
	at scala.meta.internal.tokenizers.LegacyScanner.fetchDoubleQuote$1(LegacyScanner.scala:361)
	at scala.meta.internal.tokenizers.LegacyScanner.fetchToken(LegacyScanner.scala:363)
	at scala.meta.internal.tokenizers.LegacyScanner.nextToken(LegacyScanner.scala:201)
	at scala.meta.internal.tokenizers.LegacyScanner.foreach(LegacyScanner.scala:912)
	at scala.meta.internal.tokenizers.ScalametaTokenizer.uncachedTokenize(ScalametaTokenizer.scala:23)
	at scala.meta.internal.tokenizers.ScalametaTokenizer.$anonfun$tokenize$1(ScalametaTokenizer.scala:17)
	at scala.collection.concurrent.TrieMap.getOrElseUpdate(TrieMap.scala:960)
	at scala.meta.internal.tokenizers.ScalametaTokenizer.tokenize(ScalametaTokenizer.scala:17)
	at scala.meta.internal.tokenizers.ScalametaTokenizer$$anon$2.apply(ScalametaTokenizer.scala:322)
	at scala.meta.tokenizers.Api$XtensionTokenizeDialectInput.tokenize(Api.scala:22)
	at scala.meta.tokenizers.Api$XtensionTokenizeInputLike.tokenize(Api.scala:13)
	at scala.meta.internal.metals.SemanticTokensProvider$.getTokens(SemanticTokensProvider.scala:28)
	at scala.meta.internal.metals.SemanticTokensProvider$.provide(SemanticTokensProvider.scala:89)
	at scala.meta.internal.metals.Compilers.$anonfun$semanticTokens$3(Compilers.scala:545)
	at scala.concurrent.impl.Promise$Transformation.run(Promise.scala:467)
	at java.util.concurrent.ThreadPoolExecutor.runWorker(ThreadPoolExecutor.java:1136)
	at java.util.concurrent.ThreadPoolExecutor$Worker.run(ThreadPoolExecutor.java:635)
	at java.lang.Thread.run(Thread.java:833)

2024.07.16 04:53:26 INFO  compiling prac5_2dc58a56ae (1 scala source)
2024.07.16 04:53:26 INFO  time: compiled Prac5_2dc58a56ae in 0.97s
2024.07.16 04:53:43 INFO  compiling prac5_2dc58a56ae (1 scala source)
2024.07.16 04:53:43 INFO  time: compiled Prac5_2dc58a56ae in 0.31s
2024.07.16 04:54:02 INFO  compiling prac5_2dc58a56ae (1 scala source)
2024.07.16 04:54:02 WARN  there was 1 deprecation warning; re-run with -deprecation for details
2024.07.16 04:54:02 INFO  time: compiled Prac5_2dc58a56ae in 0.88s
2024.07.16 04:54:33 INFO  compiling prac5_2dc58a56ae (1 scala source)
2024.07.16 04:54:33 WARN  there was 1 deprecation warning; re-run with -deprecation for details
2024.07.16 04:54:33 INFO  time: compiled Prac5_2dc58a56ae in 0.49s
Jul 16, 2024 4:55:21 AM org.eclipse.lsp4j.jsonrpc.RemoteEndpoint handleCancellation
WARNING: Unmatched cancel notification for request id 6788
2024.07.16 04:56:26 INFO  compiling prac5_2dc58a56ae (1 scala source)
2024.07.16 04:56:26 WARN  there was 1 deprecation warning; re-run with -deprecation for details
2024.07.16 04:56:26 INFO  time: compiled Prac5_2dc58a56ae in 0.49s
2024.07.16 04:56:40 INFO  compiling prac5_2dc58a56ae (1 scala source)
2024.07.16 04:56:40 WARN  there was 1 deprecation warning; re-run with -deprecation for details
2024.07.16 04:56:40 INFO  time: compiled Prac5_2dc58a56ae in 0.39s
2024.07.16 04:57:04 ERROR Failed to tokenize input for semantic tokens for C:\Users\dell\UoC\FuntionalProgramming\Practicals\Prac5\Prac5.scala
scala.meta.tokenizers.TokenizeException: <input>:49: error: unclosed string literal
        bookList.foreach(book => println("book))
                                         ^
	at scala.meta.internal.tokenizers.Reporter.syntaxError(Reporter.scala:23)
	at scala.meta.internal.tokenizers.Reporter.syntaxError$(Reporter.scala:23)
	at scala.meta.internal.tokenizers.Reporter$$anon$1.syntaxError(Reporter.scala:32)
	at scala.meta.internal.tokenizers.Reporter.syntaxError(Reporter.scala:25)
	at scala.meta.internal.tokenizers.Reporter.syntaxError$(Reporter.scala:25)
	at scala.meta.internal.tokenizers.Reporter$$anon$1.syntaxError(Reporter.scala:32)
	at scala.meta.internal.tokenizers.LegacyScanner.getStringLit(LegacyScanner.scala:509)
	at scala.meta.internal.tokenizers.LegacyScanner.fetchDoubleQuote$1(LegacyScanner.scala:361)
	at scala.meta.internal.tokenizers.LegacyScanner.fetchToken(LegacyScanner.scala:363)
	at scala.meta.internal.tokenizers.LegacyScanner.nextToken(LegacyScanner.scala:201)
	at scala.meta.internal.tokenizers.LegacyScanner.foreach(LegacyScanner.scala:912)
	at scala.meta.internal.tokenizers.ScalametaTokenizer.uncachedTokenize(ScalametaTokenizer.scala:23)
	at scala.meta.internal.tokenizers.ScalametaTokenizer.$anonfun$tokenize$1(ScalametaTokenizer.scala:17)
	at scala.collection.concurrent.TrieMap.getOrElseUpdate(TrieMap.scala:960)
	at scala.meta.internal.tokenizers.ScalametaTokenizer.tokenize(ScalametaTokenizer.scala:17)
	at scala.meta.internal.tokenizers.ScalametaTokenizer$$anon$2.apply(ScalametaTokenizer.scala:322)
	at scala.meta.tokenizers.Api$XtensionTokenizeDialectInput.tokenize(Api.scala:22)
	at scala.meta.tokenizers.Api$XtensionTokenizeInputLike.tokenize(Api.scala:13)
	at scala.meta.internal.metals.SemanticTokensProvider$.getTokens(SemanticTokensProvider.scala:28)
	at scala.meta.internal.metals.SemanticTokensProvider$.provide(SemanticTokensProvider.scala:89)
	at scala.meta.internal.metals.Compilers.$anonfun$semanticTokens$3(Compilers.scala:545)
	at scala.concurrent.impl.Promise$Transformation.run(Promise.scala:467)
	at java.util.concurrent.ThreadPoolExecutor.runWorker(ThreadPoolExecutor.java:1136)
	at java.util.concurrent.ThreadPoolExecutor$Worker.run(ThreadPoolExecutor.java:635)
	at java.lang.Thread.run(Thread.java:833)

2024.07.16 04:57:04 ERROR Failed to tokenize input for semantic tokens for C:\Users\dell\UoC\FuntionalProgramming\Practicals\Prac5\Prac5.scala
scala.meta.tokenizers.TokenizeException: <input>:49: error: unclosed string literal
        bookList.foreach(book => println("Tibook))
                                         ^
	at scala.meta.internal.tokenizers.Reporter.syntaxError(Reporter.scala:23)
	at scala.meta.internal.tokenizers.Reporter.syntaxError$(Reporter.scala:23)
	at scala.meta.internal.tokenizers.Reporter$$anon$1.syntaxError(Reporter.scala:32)
	at scala.meta.internal.tokenizers.Reporter.syntaxError(Reporter.scala:25)
	at scala.meta.internal.tokenizers.Reporter.syntaxError$(Reporter.scala:25)
	at scala.meta.internal.tokenizers.Reporter$$anon$1.syntaxError(Reporter.scala:32)
	at scala.meta.internal.tokenizers.LegacyScanner.getStringLit(LegacyScanner.scala:509)
	at scala.meta.internal.tokenizers.LegacyScanner.fetchDoubleQuote$1(LegacyScanner.scala:361)
	at scala.meta.internal.tokenizers.LegacyScanner.fetchToken(LegacyScanner.scala:363)
	at scala.meta.internal.tokenizers.LegacyScanner.nextToken(LegacyScanner.scala:201)
	at scala.meta.internal.tokenizers.LegacyScanner.foreach(LegacyScanner.scala:912)
	at scala.meta.internal.tokenizers.ScalametaTokenizer.uncachedTokenize(ScalametaTokenizer.scala:23)
	at scala.meta.internal.tokenizers.ScalametaTokenizer.$anonfun$tokenize$1(ScalametaTokenizer.scala:17)
	at scala.collection.concurrent.TrieMap.getOrElseUpdate(TrieMap.scala:960)
	at scala.meta.internal.tokenizers.ScalametaTokenizer.tokenize(ScalametaTokenizer.scala:17)
	at scala.meta.internal.tokenizers.ScalametaTokenizer$$anon$2.apply(ScalametaTokenizer.scala:322)
	at scala.meta.tokenizers.Api$XtensionTokenizeDialectInput.tokenize(Api.scala:22)
	at scala.meta.tokenizers.Api$XtensionTokenizeInputLike.tokenize(Api.scala:13)
	at scala.meta.internal.metals.SemanticTokensProvider$.getTokens(SemanticTokensProvider.scala:28)
	at scala.meta.internal.metals.SemanticTokensProvider$.provide(SemanticTokensProvider.scala:89)
	at scala.meta.internal.metals.Compilers.$anonfun$semanticTokens$3(Compilers.scala:545)
	at scala.concurrent.impl.Promise$Transformation.run(Promise.scala:467)
	at java.util.concurrent.ThreadPoolExecutor.runWorker(ThreadPoolExecutor.java:1136)
	at java.util.concurrent.ThreadPoolExecutor$Worker.run(ThreadPoolExecutor.java:635)
	at java.lang.Thread.run(Thread.java:833)

2024.07.16 04:57:05 ERROR Failed to tokenize input for semantic tokens for C:\Users\dell\UoC\FuntionalProgramming\Practicals\Prac5\Prac5.scala
scala.meta.tokenizers.TokenizeException: <input>:49: error: unclosed string literal
        bookList.foreach(book => println("Titbook))
                                         ^
	at scala.meta.internal.tokenizers.Reporter.syntaxError(Reporter.scala:23)
	at scala.meta.internal.tokenizers.Reporter.syntaxError$(Reporter.scala:23)
	at scala.meta.internal.tokenizers.Reporter$$anon$1.syntaxError(Reporter.scala:32)
	at scala.meta.internal.tokenizers.Reporter.syntaxError(Reporter.scala:25)
	at scala.meta.internal.tokenizers.Reporter.syntaxError$(Reporter.scala:25)
	at scala.meta.internal.tokenizers.Reporter$$anon$1.syntaxError(Reporter.scala:32)
	at scala.meta.internal.tokenizers.LegacyScanner.getStringLit(LegacyScanner.scala:509)
	at scala.meta.internal.tokenizers.LegacyScanner.fetchDoubleQuote$1(LegacyScanner.scala:361)
	at scala.meta.internal.tokenizers.LegacyScanner.fetchToken(LegacyScanner.scala:363)
	at scala.meta.internal.tokenizers.LegacyScanner.nextToken(LegacyScanner.scala:201)
	at scala.meta.internal.tokenizers.LegacyScanner.foreach(LegacyScanner.scala:912)
	at scala.meta.internal.tokenizers.ScalametaTokenizer.uncachedTokenize(ScalametaTokenizer.scala:23)
	at scala.meta.internal.tokenizers.ScalametaTokenizer.$anonfun$tokenize$1(ScalametaTokenizer.scala:17)
	at scala.collection.concurrent.TrieMap.getOrElseUpdate(TrieMap.scala:960)
	at scala.meta.internal.tokenizers.ScalametaTokenizer.tokenize(ScalametaTokenizer.scala:17)
	at scala.meta.internal.tokenizers.ScalametaTokenizer$$anon$2.apply(ScalametaTokenizer.scala:322)
	at scala.meta.tokenizers.Api$XtensionTokenizeDialectInput.tokenize(Api.scala:22)
	at scala.meta.tokenizers.Api$XtensionTokenizeInputLike.tokenize(Api.scala:13)
	at scala.meta.internal.metals.SemanticTokensProvider$.getTokens(SemanticTokensProvider.scala:28)
	at scala.meta.internal.metals.SemanticTokensProvider$.provide(SemanticTokensProvider.scala:89)
	at scala.meta.internal.metals.Compilers.$anonfun$semanticTokens$3(Compilers.scala:545)
	at scala.concurrent.impl.Promise$Transformation.run(Promise.scala:467)
	at java.util.concurrent.ThreadPoolExecutor.runWorker(ThreadPoolExecutor.java:1136)
	at java.util.concurrent.ThreadPoolExecutor$Worker.run(ThreadPoolExecutor.java:635)
	at java.lang.Thread.run(Thread.java:833)

2024.07.16 04:57:06 ERROR Failed to tokenize input for semantic tokens for C:\Users\dell\UoC\FuntionalProgramming\Practicals\Prac5\Prac5.scala
scala.meta.tokenizers.TokenizeException: <input>:49: error: unclosed string literal
        bookList.foreach(book => println("Titlebook))
                                         ^
	at scala.meta.internal.tokenizers.Reporter.syntaxError(Reporter.scala:23)
	at scala.meta.internal.tokenizers.Reporter.syntaxError$(Reporter.scala:23)
	at scala.meta.internal.tokenizers.Reporter$$anon$1.syntaxError(Reporter.scala:32)
	at scala.meta.internal.tokenizers.Reporter.syntaxError(Reporter.scala:25)
	at scala.meta.internal.tokenizers.Reporter.syntaxError$(Reporter.scala:25)
	at scala.meta.internal.tokenizers.Reporter$$anon$1.syntaxError(Reporter.scala:32)
	at scala.meta.internal.tokenizers.LegacyScanner.getStringLit(LegacyScanner.scala:509)
	at scala.meta.internal.tokenizers.LegacyScanner.fetchDoubleQuote$1(LegacyScanner.scala:361)
	at scala.meta.internal.tokenizers.LegacyScanner.fetchToken(LegacyScanner.scala:363)
	at scala.meta.internal.tokenizers.LegacyScanner.nextToken(LegacyScanner.scala:201)
	at scala.meta.internal.tokenizers.LegacyScanner.foreach(LegacyScanner.scala:912)
	at scala.meta.internal.tokenizers.ScalametaTokenizer.uncachedTokenize(ScalametaTokenizer.scala:23)
	at scala.meta.internal.tokenizers.ScalametaTokenizer.$anonfun$tokenize$1(ScalametaTokenizer.scala:17)
	at scala.collection.concurrent.TrieMap.getOrElseUpdate(TrieMap.scala:960)
	at scala.meta.internal.tokenizers.ScalametaTokenizer.tokenize(ScalametaTokenizer.scala:17)
	at scala.meta.internal.tokenizers.ScalametaTokenizer$$anon$2.apply(ScalametaTokenizer.scala:322)
	at scala.meta.tokenizers.Api$XtensionTokenizeDialectInput.tokenize(Api.scala:22)
	at scala.meta.tokenizers.Api$XtensionTokenizeInputLike.tokenize(Api.scala:13)
	at scala.meta.internal.metals.SemanticTokensProvider$.getTokens(SemanticTokensProvider.scala:28)
	at scala.meta.internal.metals.SemanticTokensProvider$.provide(SemanticTokensProvider.scala:89)
	at scala.meta.internal.metals.Compilers.$anonfun$semanticTokens$3(Compilers.scala:545)
	at scala.concurrent.impl.Promise$Transformation.run(Promise.scala:467)
	at java.util.concurrent.ThreadPoolExecutor.runWorker(ThreadPoolExecutor.java:1136)
	at java.util.concurrent.ThreadPoolExecutor$Worker.run(ThreadPoolExecutor.java:635)
	at java.lang.Thread.run(Thread.java:833)

2024.07.16 04:57:07 ERROR Failed to tokenize input for semantic tokens for C:\Users\dell\UoC\FuntionalProgramming\Practicals\Prac5\Prac5.scala
scala.meta.tokenizers.TokenizeException: <input>:49: error: unclosed string literal
        bookList.foreach(book => println("Title:book))
                                         ^
	at scala.meta.internal.tokenizers.Reporter.syntaxError(Reporter.scala:23)
	at scala.meta.internal.tokenizers.Reporter.syntaxError$(Reporter.scala:23)
	at scala.meta.internal.tokenizers.Reporter$$anon$1.syntaxError(Reporter.scala:32)
	at scala.meta.internal.tokenizers.Reporter.syntaxError(Reporter.scala:25)
	at scala.meta.internal.tokenizers.Reporter.syntaxError$(Reporter.scala:25)
	at scala.meta.internal.tokenizers.Reporter$$anon$1.syntaxError(Reporter.scala:32)
	at scala.meta.internal.tokenizers.LegacyScanner.getStringLit(LegacyScanner.scala:509)
	at scala.meta.internal.tokenizers.LegacyScanner.fetchDoubleQuote$1(LegacyScanner.scala:361)
	at scala.meta.internal.tokenizers.LegacyScanner.fetchToken(LegacyScanner.scala:363)
	at scala.meta.internal.tokenizers.LegacyScanner.nextToken(LegacyScanner.scala:201)
	at scala.meta.internal.tokenizers.LegacyScanner.foreach(LegacyScanner.scala:912)
	at scala.meta.internal.tokenizers.ScalametaTokenizer.uncachedTokenize(ScalametaTokenizer.scala:23)
	at scala.meta.internal.tokenizers.ScalametaTokenizer.$anonfun$tokenize$1(ScalametaTokenizer.scala:17)
	at scala.collection.concurrent.TrieMap.getOrElseUpdate(TrieMap.scala:960)
	at scala.meta.internal.tokenizers.ScalametaTokenizer.tokenize(ScalametaTokenizer.scala:17)
	at scala.meta.internal.tokenizers.ScalametaTokenizer$$anon$2.apply(ScalametaTokenizer.scala:322)
	at scala.meta.tokenizers.Api$XtensionTokenizeDialectInput.tokenize(Api.scala:22)
	at scala.meta.tokenizers.Api$XtensionTokenizeInputLike.tokenize(Api.scala:13)
	at scala.meta.internal.metals.SemanticTokensProvider$.getTokens(SemanticTokensProvider.scala:28)
	at scala.meta.internal.metals.SemanticTokensProvider$.provide(SemanticTokensProvider.scala:89)
	at scala.meta.internal.metals.Compilers.$anonfun$semanticTokens$3(Compilers.scala:545)
	at scala.concurrent.impl.Promise$Transformation.run(Promise.scala:467)
	at java.util.concurrent.ThreadPoolExecutor.runWorker(ThreadPoolExecutor.java:1136)
	at java.util.concurrent.ThreadPoolExecutor$Worker.run(ThreadPoolExecutor.java:635)
	at java.lang.Thread.run(Thread.java:833)

Jul 16, 2024 4:57:51 AM org.eclipse.lsp4j.jsonrpc.RemoteEndpoint handleCancellation
WARNING: Unmatched cancel notification for request id 7334
2024.07.16 04:58:26 INFO  compiling prac5_2dc58a56ae (1 scala source)
2024.07.16 04:58:26 INFO  time: compiled Prac5_2dc58a56ae in 0.51s
2024.07.16 04:58:47 INFO  compiling prac5_2dc58a56ae (1 scala source)
2024.07.16 04:58:47 WARN  there was 1 deprecation warning; re-run with -deprecation for details
2024.07.16 04:58:47 INFO  time: compiled Prac5_2dc58a56ae in 0.45s
2024.07.16 04:58:57 INFO  compiling prac5_2dc58a56ae (1 scala source)
2024.07.16 04:58:57 WARN  there was 1 deprecation warning; re-run with -deprecation for details
2024.07.16 04:58:57 INFO  time: compiled Prac5_2dc58a56ae in 0.38s
2024.07.16 04:59:51 INFO  compiling prac5_2dc58a56ae (1 scala source)
2024.07.16 04:59:51 WARN  there was 1 deprecation warning; re-run with -deprecation for details
2024.07.16 04:59:51 INFO  time: compiled Prac5_2dc58a56ae in 0.42s
2024.07.16 05:01:02 INFO  compiling prac5_2dc58a56ae (1 scala source)
2024.07.16 05:01:02 WARN  there was 1 deprecation warning; re-run with -deprecation for details
2024.07.16 05:01:02 INFO  time: compiled Prac5_2dc58a56ae in 0.51s
Jul 16, 2024 5:01:56 AM scala.meta.internal.pc.CompilerAccess handleError
SEVERE: A severe compiler error occurred, full details of the error can be found in the error report C:\Users\dell\UoC\FuntionalProgramming\Practicals\Prac5\.metals\.reports\metals-full\2024-07-16\r_compiler-error_(Prac5_2dc58a56ae)_05-01-56-523.md
2024.07.16 05:03:08 INFO  compiling prac5_2dc58a56ae (1 scala source)
2024.07.16 05:03:08 WARN  there was 1 deprecation warning; re-run with -deprecation for details
2024.07.16 05:03:08 INFO  time: compiled Prac5_2dc58a56ae in 0.59s
2024.07.16 05:03:34 INFO  compiling prac5_2dc58a56ae (1 scala source)
2024.07.16 05:03:34 WARN  there was 1 deprecation warning; re-run with -deprecation for details
2024.07.16 05:03:34 INFO  time: compiled Prac5_2dc58a56ae in 0.38s
2024.07.16 05:04:16 INFO  compiling prac5_2dc58a56ae (1 scala source)
2024.07.16 05:04:16 WARN  there was 1 deprecation warning; re-run with -deprecation for details
2024.07.16 05:04:16 INFO  time: compiled Prac5_2dc58a56ae in 0.43s
2024.07.16 05:04:39 INFO  compiling prac5_2dc58a56ae (1 scala source)
2024.07.16 05:04:39 WARN  there was 1 deprecation warning; re-run with -deprecation for details
2024.07.16 05:04:39 INFO  time: compiled Prac5_2dc58a56ae in 0.33s
2024.07.16 05:05:15 INFO  compiling prac5_2dc58a56ae (1 scala source)
2024.07.16 05:05:15 WARN  there was 1 deprecation warning; re-run with -deprecation for details
2024.07.16 05:05:15 INFO  time: compiled Prac5_2dc58a56ae in 0.48s
2024.07.16 05:07:41 INFO  compiling prac5_2dc58a56ae (1 scala source)
2024.07.16 05:07:41 WARN  there was 1 deprecation warning; re-run with -deprecation for details
2024.07.16 05:07:41 INFO  time: compiled Prac5_2dc58a56ae in 0.4s
2024.07.16 05:07:50 ERROR Failed to tokenize input for semantic tokens for C:\Users\dell\UoC\FuntionalProgramming\Practicals\Prac5\Prac5.scala
scala.meta.tokenizers.TokenizeException: <input>:80: error: unclosed string literal
    searchBook("Tail of Two 
               ^
	at scala.meta.internal.tokenizers.Reporter.syntaxError(Reporter.scala:23)
	at scala.meta.internal.tokenizers.Reporter.syntaxError$(Reporter.scala:23)
	at scala.meta.internal.tokenizers.Reporter$$anon$1.syntaxError(Reporter.scala:32)
	at scala.meta.internal.tokenizers.Reporter.syntaxError(Reporter.scala:25)
	at scala.meta.internal.tokenizers.Reporter.syntaxError$(Reporter.scala:25)
	at scala.meta.internal.tokenizers.Reporter$$anon$1.syntaxError(Reporter.scala:32)
	at scala.meta.internal.tokenizers.LegacyScanner.getStringLit(LegacyScanner.scala:509)
	at scala.meta.internal.tokenizers.LegacyScanner.fetchDoubleQuote$1(LegacyScanner.scala:361)
	at scala.meta.internal.tokenizers.LegacyScanner.fetchToken(LegacyScanner.scala:363)
	at scala.meta.internal.tokenizers.LegacyScanner.nextToken(LegacyScanner.scala:201)
	at scala.meta.internal.tokenizers.LegacyScanner.foreach(LegacyScanner.scala:912)
	at scala.meta.internal.tokenizers.ScalametaTokenizer.uncachedTokenize(ScalametaTokenizer.scala:23)
	at scala.meta.internal.tokenizers.ScalametaTokenizer.$anonfun$tokenize$1(ScalametaTokenizer.scala:17)
	at scala.collection.concurrent.TrieMap.getOrElseUpdate(TrieMap.scala:960)
	at scala.meta.internal.tokenizers.ScalametaTokenizer.tokenize(ScalametaTokenizer.scala:17)
	at scala.meta.internal.tokenizers.ScalametaTokenizer$$anon$2.apply(ScalametaTokenizer.scala:322)
	at scala.meta.tokenizers.Api$XtensionTokenizeDialectInput.tokenize(Api.scala:22)
	at scala.meta.tokenizers.Api$XtensionTokenizeInputLike.tokenize(Api.scala:13)
	at scala.meta.internal.metals.SemanticTokensProvider$.getTokens(SemanticTokensProvider.scala:28)
	at scala.meta.internal.metals.SemanticTokensProvider$.provide(SemanticTokensProvider.scala:89)
	at scala.meta.internal.metals.Compilers.$anonfun$semanticTokens$3(Compilers.scala:545)
	at scala.concurrent.impl.Promise$Transformation.run(Promise.scala:467)
	at java.util.concurrent.ThreadPoolExecutor.runWorker(ThreadPoolExecutor.java:1136)
	at java.util.concurrent.ThreadPoolExecutor$Worker.run(ThreadPoolExecutor.java:635)
	at java.lang.Thread.run(Thread.java:833)

2024.07.16 05:07:50 ERROR Failed to tokenize input for semantic tokens for C:\Users\dell\UoC\FuntionalProgramming\Practicals\Prac5\Prac5.scala
scala.meta.tokenizers.TokenizeException: <input>:80: error: unclosed string literal
    searchBook("Tail 
               ^
	at scala.meta.internal.tokenizers.Reporter.syntaxError(Reporter.scala:23)
	at scala.meta.internal.tokenizers.Reporter.syntaxError$(Reporter.scala:23)
	at scala.meta.internal.tokenizers.Reporter$$anon$1.syntaxError(Reporter.scala:32)
	at scala.meta.internal.tokenizers.Reporter.syntaxError(Reporter.scala:25)
	at scala.meta.internal.tokenizers.Reporter.syntaxError$(Reporter.scala:25)
	at scala.meta.internal.tokenizers.Reporter$$anon$1.syntaxError(Reporter.scala:32)
	at scala.meta.internal.tokenizers.LegacyScanner.getStringLit(LegacyScanner.scala:509)
	at scala.meta.internal.tokenizers.LegacyScanner.fetchDoubleQuote$1(LegacyScanner.scala:361)
	at scala.meta.internal.tokenizers.LegacyScanner.fetchToken(LegacyScanner.scala:363)
	at scala.meta.internal.tokenizers.LegacyScanner.nextToken(LegacyScanner.scala:201)
	at scala.meta.internal.tokenizers.LegacyScanner.foreach(LegacyScanner.scala:912)
	at scala.meta.internal.tokenizers.ScalametaTokenizer.uncachedTokenize(ScalametaTokenizer.scala:23)
	at scala.meta.internal.tokenizers.ScalametaTokenizer.$anonfun$tokenize$1(ScalametaTokenizer.scala:17)
	at scala.collection.concurrent.TrieMap.getOrElseUpdate(TrieMap.scala:960)
	at scala.meta.internal.tokenizers.ScalametaTokenizer.tokenize(ScalametaTokenizer.scala:17)
	at scala.meta.internal.tokenizers.ScalametaTokenizer$$anon$2.apply(ScalametaTokenizer.scala:322)
	at scala.meta.tokenizers.Api$XtensionTokenizeDialectInput.tokenize(Api.scala:22)
	at scala.meta.tokenizers.Api$XtensionTokenizeInputLike.tokenize(Api.scala:13)
	at scala.meta.internal.metals.SemanticTokensProvider$.getTokens(SemanticTokensProvider.scala:28)
	at scala.meta.internal.metals.SemanticTokensProvider$.provide(SemanticTokensProvider.scala:89)
	at scala.meta.internal.metals.Compilers.$anonfun$semanticTokens$3(Compilers.scala:545)
	at scala.concurrent.impl.Promise$Transformation.run(Promise.scala:467)
	at java.util.concurrent.ThreadPoolExecutor.runWorker(ThreadPoolExecutor.java:1136)
	at java.util.concurrent.ThreadPoolExecutor$Worker.run(ThreadPoolExecutor.java:635)
	at java.lang.Thread.run(Thread.java:833)

2024.07.16 05:08:00 INFO  compiling prac5_2dc58a56ae (1 scala source)
2024.07.16 05:08:00 WARN  there was 1 deprecation warning; re-run with -deprecation for details
2024.07.16 05:08:00 INFO  time: compiled Prac5_2dc58a56ae in 0.32s
2024.07.16 05:11:30 ERROR Failed to tokenize input for semantic tokens for C:\Users\dell\UoC\FuntionalProgramming\Practicals\Prac5\Prac5.scala
scala.meta.tokenizers.TokenizeException: <input>:64: error: invalid escape character
        println("\Books by " + Author)
                  ^
	at scala.meta.internal.tokenizers.Reporter.syntaxError(Reporter.scala:23)
	at scala.meta.internal.tokenizers.Reporter.syntaxError$(Reporter.scala:23)
	at scala.meta.internal.tokenizers.Reporter$$anon$1.syntaxError(Reporter.scala:32)
	at scala.meta.internal.tokenizers.Reporter.syntaxError(Reporter.scala:25)
	at scala.meta.internal.tokenizers.Reporter.syntaxError$(Reporter.scala:25)
	at scala.meta.internal.tokenizers.Reporter$$anon$1.syntaxError(Reporter.scala:32)
	at scala.meta.internal.tokenizers.LegacyScanner.invalidEscape(LegacyScanner.scala:690)
	at scala.meta.internal.tokenizers.LegacyScanner.getLitChar(LegacyScanner.scala:678)
	at scala.meta.internal.tokenizers.LegacyScanner.getLitChars(LegacyScanner.scala:700)
	at scala.meta.internal.tokenizers.LegacyScanner.getStringLit(LegacyScanner.scala:504)
	at scala.meta.internal.tokenizers.LegacyScanner.fetchDoubleQuote$1(LegacyScanner.scala:361)
	at scala.meta.internal.tokenizers.LegacyScanner.fetchToken(LegacyScanner.scala:363)
	at scala.meta.internal.tokenizers.LegacyScanner.nextToken(LegacyScanner.scala:201)
	at scala.meta.internal.tokenizers.LegacyScanner.foreach(LegacyScanner.scala:912)
	at scala.meta.internal.tokenizers.ScalametaTokenizer.uncachedTokenize(ScalametaTokenizer.scala:23)
	at scala.meta.internal.tokenizers.ScalametaTokenizer.$anonfun$tokenize$1(ScalametaTokenizer.scala:17)
	at scala.collection.concurrent.TrieMap.getOrElseUpdate(TrieMap.scala:960)
	at scala.meta.internal.tokenizers.ScalametaTokenizer.tokenize(ScalametaTokenizer.scala:17)
	at scala.meta.internal.tokenizers.ScalametaTokenizer$$anon$2.apply(ScalametaTokenizer.scala:322)
	at scala.meta.tokenizers.Api$XtensionTokenizeDialectInput.tokenize(Api.scala:22)
	at scala.meta.tokenizers.Api$XtensionTokenizeInputLike.tokenize(Api.scala:13)
	at scala.meta.internal.metals.SemanticTokensProvider$.getTokens(SemanticTokensProvider.scala:28)
	at scala.meta.internal.metals.SemanticTokensProvider$.provide(SemanticTokensProvider.scala:89)
	at scala.meta.internal.metals.Compilers.$anonfun$semanticTokens$3(Compilers.scala:545)
	at scala.concurrent.impl.Promise$Transformation.run(Promise.scala:467)
	at java.util.concurrent.ThreadPoolExecutor.runWorker(ThreadPoolExecutor.java:1136)
	at java.util.concurrent.ThreadPoolExecutor$Worker.run(ThreadPoolExecutor.java:635)
	at java.lang.Thread.run(Thread.java:833)

Jul 16, 2024 5:12:21 AM org.eclipse.lsp4j.jsonrpc.RemoteEndpoint handleCancellation
WARNING: Unmatched cancel notification for request id 9604
2024.07.16 05:12:36 INFO  compiling prac5_2dc58a56ae (1 scala source)
2024.07.16 05:12:36 WARN  there was 1 deprecation warning; re-run with -deprecation for details
2024.07.16 05:12:36 INFO  time: compiled Prac5_2dc58a56ae in 0.5s
2024.07.16 05:13:08 INFO  compiling prac5_2dc58a56ae (1 scala source)
2024.07.16 05:13:08 WARN  there was 1 deprecation warning; re-run with -deprecation for details
2024.07.16 05:13:08 INFO  time: compiled Prac5_2dc58a56ae in 0.4s
Jul 16, 2024 5:13:22 AM org.eclipse.lsp4j.jsonrpc.RemoteEndpoint handleCancellation
WARNING: Unmatched cancel notification for request id 9737
2024.07.16 05:13:28 INFO  compiling prac5_2dc58a56ae (1 scala source)
2024.07.16 05:13:28 WARN  there was 1 deprecation warning; re-run with -deprecation for details
2024.07.16 05:13:28 INFO  time: compiled Prac5_2dc58a56ae in 0.32s
2024.07.16 05:18:09 INFO  Shutting down server
2024.07.16 05:18:09 INFO  shutting down Metals
2024.07.16 05:18:09 INFO  Shut down connection with build server.
2024.07.16 05:18:09 INFO  Exiting server
